01:10:59,494 - WARN org.apache.jena.riot - [line: 29, col: 101] {W124} Non-ascii characters in a namespace URI may not be completely portable: <http://www.semanticweb.org/weiyu/ontologies/2016/5/untitled-ontology-14#社会组织（慈善协会）>. Resulting RDF URI references are legal.
01:11:20,876 - WARN org.apache.jena.riot - [line: 29, col: 101] {W124} Non-ascii characters in a namespace URI may not be completely portable: <http://www.semanticweb.org/weiyu/ontologies/2016/5/untitled-ontology-14#社会组织（慈善协会）>. Resulting RDF URI references are legal.
01:11:21,237 - WARN org.apache.jena.tdb.store.DatasetPrefixesTDB - Mangled prefix map: graph name=cultrue
java.lang.NullPointerException
	at org.apache.jena.tdb.store.DatasetPrefixesTDB.readPrefixMap(DatasetPrefixesTDB.java:117)
	at org.apache.jena.sparql.graph.GraphPrefixesProjection.getNsPrefixMap(GraphPrefixesProjection.java:62)
	at org.apache.jena.tdb.store.DatasetPrefixesTDB.getPrefixMapping(DatasetPrefixesTDB.java:166)
	at org.apache.jena.tdb.store.GraphTDB.createPrefixMapping(GraphTDB.java:71)
	at org.apache.jena.graph.impl.GraphBase.getPrefixMapping(GraphBase.java:165)
	at org.apache.jena.graph.GraphUtil.addInto(GraphUtil.java:150)
	at org.apache.jena.sparql.core.DatasetGraphTriplesQuads.addGraph(DatasetGraphTriplesQuads.java:75)
	at org.apache.jena.sparql.core.DatasetGraphWrapper.addGraph(DatasetGraphWrapper.java:78)
	at org.apache.jena.sparql.core.DatasetImpl.addNamedModel(DatasetImpl.java:160)
	at team.weiyu.culture.tdb.CreateTDB.main(CreateTDB.java:21)
01:11:21,347 - WARN org.apache.jena.tdb.store.DatasetPrefixesTDB - Mangled prefix map: graph name=cultrue
java.lang.NullPointerException
	at org.apache.jena.tdb.store.DatasetPrefixesTDB.readPrefixMap(DatasetPrefixesTDB.java:117)
	at org.apache.jena.sparql.graph.GraphPrefixesProjection.getNsPrefixMap(GraphPrefixesProjection.java:62)
	at org.apache.jena.tdb.store.DatasetPrefixesTDB.getPrefixMapping(DatasetPrefixesTDB.java:166)
	at org.apache.jena.tdb.store.GraphTDB.createPrefixMapping(GraphTDB.java:71)
	at org.apache.jena.graph.impl.GraphBase.getPrefixMapping(GraphBase.java:165)
	at org.apache.jena.graph.GraphUtil.addInto(GraphUtil.java:150)
	at org.apache.jena.sparql.core.DatasetGraphTriplesQuads.addGraph(DatasetGraphTriplesQuads.java:75)
	at org.apache.jena.sparql.core.DatasetGraphWrapper.addGraph(DatasetGraphWrapper.java:78)
	at org.apache.jena.sparql.core.DatasetImpl.addNamedModel(DatasetImpl.java:160)
	at team.weiyu.culture.tdb.CreateTDB.main(CreateTDB.java:21)
01:11:21,348 - WARN org.apache.jena.tdb.store.DatasetPrefixesTDB - Mangled prefix map: graph name=cultrue
java.lang.NullPointerException
	at org.apache.jena.tdb.store.DatasetPrefixesTDB.readPrefixMap(DatasetPrefixesTDB.java:117)
	at org.apache.jena.sparql.graph.GraphPrefixesProjection.getNsPrefixMap(GraphPrefixesProjection.java:62)
	at org.apache.jena.tdb.store.DatasetPrefixesTDB.getPrefixMapping(DatasetPrefixesTDB.java:166)
	at org.apache.jena.tdb.store.GraphTDB.createPrefixMapping(GraphTDB.java:71)
	at org.apache.jena.graph.impl.GraphBase.getPrefixMapping(GraphBase.java:165)
	at org.apache.jena.graph.GraphUtil.addInto(GraphUtil.java:150)
	at org.apache.jena.sparql.core.DatasetGraphTriplesQuads.addGraph(DatasetGraphTriplesQuads.java:75)
	at org.apache.jena.sparql.core.DatasetGraphWrapper.addGraph(DatasetGraphWrapper.java:78)
	at org.apache.jena.sparql.core.DatasetImpl.addNamedModel(DatasetImpl.java:160)
	at team.weiyu.culture.tdb.CreateTDB.main(CreateTDB.java:21)
01:11:21,348 - WARN org.apache.jena.tdb.store.DatasetPrefixesTDB - Mangled prefix map: graph name=cultrue
java.lang.NullPointerException
	at org.apache.jena.tdb.store.DatasetPrefixesTDB.readPrefixMap(DatasetPrefixesTDB.java:117)
	at org.apache.jena.sparql.graph.GraphPrefixesProjection.getNsPrefixMap(GraphPrefixesProjection.java:62)
	at org.apache.jena.tdb.store.DatasetPrefixesTDB.getPrefixMapping(DatasetPrefixesTDB.java:166)
	at org.apache.jena.tdb.store.GraphTDB.createPrefixMapping(GraphTDB.java:71)
	at org.apache.jena.graph.impl.GraphBase.getPrefixMapping(GraphBase.java:165)
	at org.apache.jena.graph.GraphUtil.addInto(GraphUtil.java:150)
	at org.apache.jena.sparql.core.DatasetGraphTriplesQuads.addGraph(DatasetGraphTriplesQuads.java:75)
	at org.apache.jena.sparql.core.DatasetGraphWrapper.addGraph(DatasetGraphWrapper.java:78)
	at org.apache.jena.sparql.core.DatasetImpl.addNamedModel(DatasetImpl.java:160)
	at team.weiyu.culture.tdb.CreateTDB.main(CreateTDB.java:21)
01:11:21,349 - WARN org.apache.jena.tdb.store.DatasetPrefixesTDB - Mangled prefix map: graph name=cultrue
java.lang.NullPointerException
	at org.apache.jena.tdb.store.DatasetPrefixesTDB.readPrefixMap(DatasetPrefixesTDB.java:117)
	at org.apache.jena.sparql.graph.GraphPrefixesProjection.getNsPrefixMap(GraphPrefixesProjection.java:62)
	at org.apache.jena.tdb.store.DatasetPrefixesTDB.getPrefixMapping(DatasetPrefixesTDB.java:166)
	at org.apache.jena.tdb.store.GraphTDB.createPrefixMapping(GraphTDB.java:71)
	at org.apache.jena.graph.impl.GraphBase.getPrefixMapping(GraphBase.java:165)
	at org.apache.jena.graph.GraphUtil.addInto(GraphUtil.java:150)
	at org.apache.jena.sparql.core.DatasetGraphTriplesQuads.addGraph(DatasetGraphTriplesQuads.java:75)
	at org.apache.jena.sparql.core.DatasetGraphWrapper.addGraph(DatasetGraphWrapper.java:78)
	at org.apache.jena.sparql.core.DatasetImpl.addNamedModel(DatasetImpl.java:160)
	at team.weiyu.culture.tdb.CreateTDB.main(CreateTDB.java:21)
01:11:21,349 - WARN org.apache.jena.tdb.store.DatasetPrefixesTDB - Mangled prefix map: graph name=cultrue
java.lang.NullPointerException
	at org.apache.jena.tdb.store.DatasetPrefixesTDB.readPrefixMap(DatasetPrefixesTDB.java:117)
	at org.apache.jena.sparql.graph.GraphPrefixesProjection.getNsPrefixMap(GraphPrefixesProjection.java:62)
	at org.apache.jena.tdb.store.DatasetPrefixesTDB.getPrefixMapping(DatasetPrefixesTDB.java:166)
	at org.apache.jena.tdb.store.GraphTDB.createPrefixMapping(GraphTDB.java:71)
	at org.apache.jena.graph.impl.GraphBase.getPrefixMapping(GraphBase.java:165)
	at org.apache.jena.graph.GraphUtil.addInto(GraphUtil.java:150)
	at org.apache.jena.sparql.core.DatasetGraphTriplesQuads.addGraph(DatasetGraphTriplesQuads.java:75)
	at org.apache.jena.sparql.core.DatasetGraphWrapper.addGraph(DatasetGraphWrapper.java:78)
	at org.apache.jena.sparql.core.DatasetImpl.addNamedModel(DatasetImpl.java:160)
	at team.weiyu.culture.tdb.CreateTDB.main(CreateTDB.java:21)
01:11:21,349 - WARN org.apache.jena.tdb.store.DatasetPrefixesTDB - Mangled prefix map: graph name=cultrue
java.lang.NullPointerException
	at org.apache.jena.tdb.store.DatasetPrefixesTDB.readPrefixMap(DatasetPrefixesTDB.java:117)
	at org.apache.jena.sparql.graph.GraphPrefixesProjection.getNsPrefixMap(GraphPrefixesProjection.java:62)
	at org.apache.jena.tdb.store.DatasetPrefixesTDB.getPrefixMapping(DatasetPrefixesTDB.java:166)
	at org.apache.jena.tdb.store.GraphTDB.createPrefixMapping(GraphTDB.java:71)
	at org.apache.jena.graph.impl.GraphBase.getPrefixMapping(GraphBase.java:165)
	at org.apache.jena.graph.GraphUtil.addInto(GraphUtil.java:150)
	at org.apache.jena.sparql.core.DatasetGraphTriplesQuads.addGraph(DatasetGraphTriplesQuads.java:75)
	at org.apache.jena.sparql.core.DatasetGraphWrapper.addGraph(DatasetGraphWrapper.java:78)
	at org.apache.jena.sparql.core.DatasetImpl.addNamedModel(DatasetImpl.java:160)
	at team.weiyu.culture.tdb.CreateTDB.main(CreateTDB.java:21)
01:11:21,350 - WARN org.apache.jena.tdb.store.DatasetPrefixesTDB - Mangled prefix map: graph name=cultrue
java.lang.NullPointerException
	at org.apache.jena.tdb.store.DatasetPrefixesTDB.readPrefixMap(DatasetPrefixesTDB.java:117)
	at org.apache.jena.sparql.graph.GraphPrefixesProjection.getNsPrefixMap(GraphPrefixesProjection.java:62)
	at org.apache.jena.tdb.store.DatasetPrefixesTDB.getPrefixMapping(DatasetPrefixesTDB.java:166)
	at org.apache.jena.tdb.store.GraphTDB.createPrefixMapping(GraphTDB.java:71)
	at org.apache.jena.graph.impl.GraphBase.getPrefixMapping(GraphBase.java:165)
	at org.apache.jena.graph.GraphUtil.addInto(GraphUtil.java:150)
	at org.apache.jena.sparql.core.DatasetGraphTriplesQuads.addGraph(DatasetGraphTriplesQuads.java:75)
	at org.apache.jena.sparql.core.DatasetGraphWrapper.addGraph(DatasetGraphWrapper.java:78)
	at org.apache.jena.sparql.core.DatasetImpl.addNamedModel(DatasetImpl.java:160)
	at team.weiyu.culture.tdb.CreateTDB.main(CreateTDB.java:21)
01:11:21,350 - WARN org.apache.jena.tdb.store.DatasetPrefixesTDB - Mangled prefix map: graph name=cultrue
java.lang.NullPointerException
	at org.apache.jena.tdb.store.DatasetPrefixesTDB.readPrefixMap(DatasetPrefixesTDB.java:117)
	at org.apache.jena.sparql.graph.GraphPrefixesProjection.getNsPrefixMap(GraphPrefixesProjection.java:62)
	at org.apache.jena.tdb.store.DatasetPrefixesTDB.getPrefixMapping(DatasetPrefixesTDB.java:166)
	at org.apache.jena.tdb.store.GraphTDB.createPrefixMapping(GraphTDB.java:71)
	at org.apache.jena.graph.impl.GraphBase.getPrefixMapping(GraphBase.java:165)
	at org.apache.jena.graph.GraphUtil.addInto(GraphUtil.java:150)
	at org.apache.jena.sparql.core.DatasetGraphTriplesQuads.addGraph(DatasetGraphTriplesQuads.java:75)
	at org.apache.jena.sparql.core.DatasetGraphWrapper.addGraph(DatasetGraphWrapper.java:78)
	at org.apache.jena.sparql.core.DatasetImpl.addNamedModel(DatasetImpl.java:160)
	at team.weiyu.culture.tdb.CreateTDB.main(CreateTDB.java:21)
01:11:21,350 - WARN org.apache.jena.tdb.store.DatasetPrefixesTDB - Mangled prefix map: graph name=cultrue
java.lang.NullPointerException
	at org.apache.jena.tdb.store.DatasetPrefixesTDB.readPrefixMap(DatasetPrefixesTDB.java:117)
	at org.apache.jena.sparql.graph.GraphPrefixesProjection.getNsPrefixMap(GraphPrefixesProjection.java:62)
	at org.apache.jena.tdb.store.DatasetPrefixesTDB.getPrefixMapping(DatasetPrefixesTDB.java:166)
	at org.apache.jena.tdb.store.GraphTDB.createPrefixMapping(GraphTDB.java:71)
	at org.apache.jena.graph.impl.GraphBase.getPrefixMapping(GraphBase.java:165)
	at org.apache.jena.graph.GraphUtil.addInto(GraphUtil.java:150)
	at org.apache.jena.sparql.core.DatasetGraphTriplesQuads.addGraph(DatasetGraphTriplesQuads.java:75)
	at org.apache.jena.sparql.core.DatasetGraphWrapper.addGraph(DatasetGraphWrapper.java:78)
	at org.apache.jena.sparql.core.DatasetImpl.addNamedModel(DatasetImpl.java:160)
	at team.weiyu.culture.tdb.CreateTDB.main(CreateTDB.java:21)
01:11:21,351 - WARN org.apache.jena.tdb.store.DatasetPrefixesTDB - Mangled prefix map: graph name=cultrue
java.lang.NullPointerException
	at org.apache.jena.tdb.store.DatasetPrefixesTDB.readPrefixMap(DatasetPrefixesTDB.java:117)
	at org.apache.jena.sparql.graph.GraphPrefixesProjection.getNsPrefixMap(GraphPrefixesProjection.java:62)
	at org.apache.jena.tdb.store.DatasetPrefixesTDB.getPrefixMapping(DatasetPrefixesTDB.java:166)
	at org.apache.jena.tdb.store.GraphTDB.createPrefixMapping(GraphTDB.java:71)
	at org.apache.jena.graph.impl.GraphBase.getPrefixMapping(GraphBase.java:165)
	at org.apache.jena.graph.GraphUtil.addInto(GraphUtil.java:150)
	at org.apache.jena.sparql.core.DatasetGraphTriplesQuads.addGraph(DatasetGraphTriplesQuads.java:75)
	at org.apache.jena.sparql.core.DatasetGraphWrapper.addGraph(DatasetGraphWrapper.java:78)
	at org.apache.jena.sparql.core.DatasetImpl.addNamedModel(DatasetImpl.java:160)
	at team.weiyu.culture.tdb.CreateTDB.main(CreateTDB.java:21)
01:12:49,250 - WARN org.apache.jena.riot - [line: 29, col: 101] {W124} Non-ascii characters in a namespace URI may not be completely portable: <http://www.semanticweb.org/weiyu/ontologies/2016/5/untitled-ontology-14#社会组织（慈善协会）>. Resulting RDF URI references are legal.
01:12:49,581 - WARN org.apache.jena.tdb.store.DatasetPrefixesTDB - Mangled prefix map: graph name=cultrue
java.lang.NullPointerException
	at org.apache.jena.tdb.store.DatasetPrefixesTDB.readPrefixMap(DatasetPrefixesTDB.java:117)
	at org.apache.jena.sparql.graph.GraphPrefixesProjection.getNsPrefixMap(GraphPrefixesProjection.java:62)
	at org.apache.jena.tdb.store.DatasetPrefixesTDB.getPrefixMapping(DatasetPrefixesTDB.java:166)
	at org.apache.jena.tdb.store.GraphTDB.createPrefixMapping(GraphTDB.java:71)
	at org.apache.jena.graph.impl.GraphBase.getPrefixMapping(GraphBase.java:165)
	at org.apache.jena.graph.GraphUtil.addInto(GraphUtil.java:150)
	at org.apache.jena.sparql.core.DatasetGraphTriplesQuads.addGraph(DatasetGraphTriplesQuads.java:75)
	at org.apache.jena.sparql.core.DatasetGraphWrapper.addGraph(DatasetGraphWrapper.java:78)
	at org.apache.jena.sparql.core.DatasetImpl.addNamedModel(DatasetImpl.java:160)
	at team.weiyu.culture.tdb.CreateTDB.main(CreateTDB.java:21)
01:12:49,584 - WARN org.apache.jena.tdb.store.DatasetPrefixesTDB - Mangled prefix map: graph name=cultrue
java.lang.NullPointerException
	at org.apache.jena.tdb.store.DatasetPrefixesTDB.readPrefixMap(DatasetPrefixesTDB.java:117)
	at org.apache.jena.sparql.graph.GraphPrefixesProjection.getNsPrefixMap(GraphPrefixesProjection.java:62)
	at org.apache.jena.tdb.store.DatasetPrefixesTDB.getPrefixMapping(DatasetPrefixesTDB.java:166)
	at org.apache.jena.tdb.store.GraphTDB.createPrefixMapping(GraphTDB.java:71)
	at org.apache.jena.graph.impl.GraphBase.getPrefixMapping(GraphBase.java:165)
	at org.apache.jena.graph.GraphUtil.addInto(GraphUtil.java:150)
	at org.apache.jena.sparql.core.DatasetGraphTriplesQuads.addGraph(DatasetGraphTriplesQuads.java:75)
	at org.apache.jena.sparql.core.DatasetGraphWrapper.addGraph(DatasetGraphWrapper.java:78)
	at org.apache.jena.sparql.core.DatasetImpl.addNamedModel(DatasetImpl.java:160)
	at team.weiyu.culture.tdb.CreateTDB.main(CreateTDB.java:21)
01:12:49,585 - WARN org.apache.jena.tdb.store.DatasetPrefixesTDB - Mangled prefix map: graph name=cultrue
java.lang.NullPointerException
	at org.apache.jena.tdb.store.DatasetPrefixesTDB.readPrefixMap(DatasetPrefixesTDB.java:117)
	at org.apache.jena.sparql.graph.GraphPrefixesProjection.getNsPrefixMap(GraphPrefixesProjection.java:62)
	at org.apache.jena.tdb.store.DatasetPrefixesTDB.getPrefixMapping(DatasetPrefixesTDB.java:166)
	at org.apache.jena.tdb.store.GraphTDB.createPrefixMapping(GraphTDB.java:71)
	at org.apache.jena.graph.impl.GraphBase.getPrefixMapping(GraphBase.java:165)
	at org.apache.jena.graph.GraphUtil.addInto(GraphUtil.java:150)
	at org.apache.jena.sparql.core.DatasetGraphTriplesQuads.addGraph(DatasetGraphTriplesQuads.java:75)
	at org.apache.jena.sparql.core.DatasetGraphWrapper.addGraph(DatasetGraphWrapper.java:78)
	at org.apache.jena.sparql.core.DatasetImpl.addNamedModel(DatasetImpl.java:160)
	at team.weiyu.culture.tdb.CreateTDB.main(CreateTDB.java:21)
01:12:49,586 - WARN org.apache.jena.tdb.store.DatasetPrefixesTDB - Mangled prefix map: graph name=cultrue
java.lang.NullPointerException
	at org.apache.jena.tdb.store.DatasetPrefixesTDB.readPrefixMap(DatasetPrefixesTDB.java:117)
	at org.apache.jena.sparql.graph.GraphPrefixesProjection.getNsPrefixMap(GraphPrefixesProjection.java:62)
	at org.apache.jena.tdb.store.DatasetPrefixesTDB.getPrefixMapping(DatasetPrefixesTDB.java:166)
	at org.apache.jena.tdb.store.GraphTDB.createPrefixMapping(GraphTDB.java:71)
	at org.apache.jena.graph.impl.GraphBase.getPrefixMapping(GraphBase.java:165)
	at org.apache.jena.graph.GraphUtil.addInto(GraphUtil.java:150)
	at org.apache.jena.sparql.core.DatasetGraphTriplesQuads.addGraph(DatasetGraphTriplesQuads.java:75)
	at org.apache.jena.sparql.core.DatasetGraphWrapper.addGraph(DatasetGraphWrapper.java:78)
	at org.apache.jena.sparql.core.DatasetImpl.addNamedModel(DatasetImpl.java:160)
	at team.weiyu.culture.tdb.CreateTDB.main(CreateTDB.java:21)
01:12:49,586 - WARN org.apache.jena.tdb.store.DatasetPrefixesTDB - Mangled prefix map: graph name=cultrue
java.lang.NullPointerException
	at org.apache.jena.tdb.store.DatasetPrefixesTDB.readPrefixMap(DatasetPrefixesTDB.java:117)
	at org.apache.jena.sparql.graph.GraphPrefixesProjection.getNsPrefixMap(GraphPrefixesProjection.java:62)
	at org.apache.jena.tdb.store.DatasetPrefixesTDB.getPrefixMapping(DatasetPrefixesTDB.java:166)
	at org.apache.jena.tdb.store.GraphTDB.createPrefixMapping(GraphTDB.java:71)
	at org.apache.jena.graph.impl.GraphBase.getPrefixMapping(GraphBase.java:165)
	at org.apache.jena.graph.GraphUtil.addInto(GraphUtil.java:150)
	at org.apache.jena.sparql.core.DatasetGraphTriplesQuads.addGraph(DatasetGraphTriplesQuads.java:75)
	at org.apache.jena.sparql.core.DatasetGraphWrapper.addGraph(DatasetGraphWrapper.java:78)
	at org.apache.jena.sparql.core.DatasetImpl.addNamedModel(DatasetImpl.java:160)
	at team.weiyu.culture.tdb.CreateTDB.main(CreateTDB.java:21)
01:12:49,587 - WARN org.apache.jena.tdb.store.DatasetPrefixesTDB - Mangled prefix map: graph name=cultrue
java.lang.NullPointerException
	at org.apache.jena.tdb.store.DatasetPrefixesTDB.readPrefixMap(DatasetPrefixesTDB.java:117)
	at org.apache.jena.sparql.graph.GraphPrefixesProjection.getNsPrefixMap(GraphPrefixesProjection.java:62)
	at org.apache.jena.tdb.store.DatasetPrefixesTDB.getPrefixMapping(DatasetPrefixesTDB.java:166)
	at org.apache.jena.tdb.store.GraphTDB.createPrefixMapping(GraphTDB.java:71)
	at org.apache.jena.graph.impl.GraphBase.getPrefixMapping(GraphBase.java:165)
	at org.apache.jena.graph.GraphUtil.addInto(GraphUtil.java:150)
	at org.apache.jena.sparql.core.DatasetGraphTriplesQuads.addGraph(DatasetGraphTriplesQuads.java:75)
	at org.apache.jena.sparql.core.DatasetGraphWrapper.addGraph(DatasetGraphWrapper.java:78)
	at org.apache.jena.sparql.core.DatasetImpl.addNamedModel(DatasetImpl.java:160)
	at team.weiyu.culture.tdb.CreateTDB.main(CreateTDB.java:21)
01:12:49,588 - WARN org.apache.jena.tdb.store.DatasetPrefixesTDB - Mangled prefix map: graph name=cultrue
java.lang.NullPointerException
	at org.apache.jena.tdb.store.DatasetPrefixesTDB.readPrefixMap(DatasetPrefixesTDB.java:117)
	at org.apache.jena.sparql.graph.GraphPrefixesProjection.getNsPrefixMap(GraphPrefixesProjection.java:62)
	at org.apache.jena.tdb.store.DatasetPrefixesTDB.getPrefixMapping(DatasetPrefixesTDB.java:166)
	at org.apache.jena.tdb.store.GraphTDB.createPrefixMapping(GraphTDB.java:71)
	at org.apache.jena.graph.impl.GraphBase.getPrefixMapping(GraphBase.java:165)
	at org.apache.jena.graph.GraphUtil.addInto(GraphUtil.java:150)
	at org.apache.jena.sparql.core.DatasetGraphTriplesQuads.addGraph(DatasetGraphTriplesQuads.java:75)
	at org.apache.jena.sparql.core.DatasetGraphWrapper.addGraph(DatasetGraphWrapper.java:78)
	at org.apache.jena.sparql.core.DatasetImpl.addNamedModel(DatasetImpl.java:160)
	at team.weiyu.culture.tdb.CreateTDB.main(CreateTDB.java:21)
01:12:49,588 - WARN org.apache.jena.tdb.store.DatasetPrefixesTDB - Mangled prefix map: graph name=cultrue
java.lang.NullPointerException
	at org.apache.jena.tdb.store.DatasetPrefixesTDB.readPrefixMap(DatasetPrefixesTDB.java:117)
	at org.apache.jena.sparql.graph.GraphPrefixesProjection.getNsPrefixMap(GraphPrefixesProjection.java:62)
	at org.apache.jena.tdb.store.DatasetPrefixesTDB.getPrefixMapping(DatasetPrefixesTDB.java:166)
	at org.apache.jena.tdb.store.GraphTDB.createPrefixMapping(GraphTDB.java:71)
	at org.apache.jena.graph.impl.GraphBase.getPrefixMapping(GraphBase.java:165)
	at org.apache.jena.graph.GraphUtil.addInto(GraphUtil.java:150)
	at org.apache.jena.sparql.core.DatasetGraphTriplesQuads.addGraph(DatasetGraphTriplesQuads.java:75)
	at org.apache.jena.sparql.core.DatasetGraphWrapper.addGraph(DatasetGraphWrapper.java:78)
	at org.apache.jena.sparql.core.DatasetImpl.addNamedModel(DatasetImpl.java:160)
	at team.weiyu.culture.tdb.CreateTDB.main(CreateTDB.java:21)
01:12:49,589 - WARN org.apache.jena.tdb.store.DatasetPrefixesTDB - Mangled prefix map: graph name=cultrue
java.lang.NullPointerException
	at org.apache.jena.tdb.store.DatasetPrefixesTDB.readPrefixMap(DatasetPrefixesTDB.java:117)
	at org.apache.jena.sparql.graph.GraphPrefixesProjection.getNsPrefixMap(GraphPrefixesProjection.java:62)
	at org.apache.jena.tdb.store.DatasetPrefixesTDB.getPrefixMapping(DatasetPrefixesTDB.java:166)
	at org.apache.jena.tdb.store.GraphTDB.createPrefixMapping(GraphTDB.java:71)
	at org.apache.jena.graph.impl.GraphBase.getPrefixMapping(GraphBase.java:165)
	at org.apache.jena.graph.GraphUtil.addInto(GraphUtil.java:150)
	at org.apache.jena.sparql.core.DatasetGraphTriplesQuads.addGraph(DatasetGraphTriplesQuads.java:75)
	at org.apache.jena.sparql.core.DatasetGraphWrapper.addGraph(DatasetGraphWrapper.java:78)
	at org.apache.jena.sparql.core.DatasetImpl.addNamedModel(DatasetImpl.java:160)
	at team.weiyu.culture.tdb.CreateTDB.main(CreateTDB.java:21)
01:12:49,590 - WARN org.apache.jena.tdb.store.DatasetPrefixesTDB - Mangled prefix map: graph name=cultrue
java.lang.NullPointerException
	at org.apache.jena.tdb.store.DatasetPrefixesTDB.readPrefixMap(DatasetPrefixesTDB.java:117)
	at org.apache.jena.sparql.graph.GraphPrefixesProjection.getNsPrefixMap(GraphPrefixesProjection.java:62)
	at org.apache.jena.tdb.store.DatasetPrefixesTDB.getPrefixMapping(DatasetPrefixesTDB.java:166)
	at org.apache.jena.tdb.store.GraphTDB.createPrefixMapping(GraphTDB.java:71)
	at org.apache.jena.graph.impl.GraphBase.getPrefixMapping(GraphBase.java:165)
	at org.apache.jena.graph.GraphUtil.addInto(GraphUtil.java:150)
	at org.apache.jena.sparql.core.DatasetGraphTriplesQuads.addGraph(DatasetGraphTriplesQuads.java:75)
	at org.apache.jena.sparql.core.DatasetGraphWrapper.addGraph(DatasetGraphWrapper.java:78)
	at org.apache.jena.sparql.core.DatasetImpl.addNamedModel(DatasetImpl.java:160)
	at team.weiyu.culture.tdb.CreateTDB.main(CreateTDB.java:21)
01:12:49,590 - WARN org.apache.jena.tdb.store.DatasetPrefixesTDB - Mangled prefix map: graph name=cultrue
java.lang.NullPointerException
	at org.apache.jena.tdb.store.DatasetPrefixesTDB.readPrefixMap(DatasetPrefixesTDB.java:117)
	at org.apache.jena.sparql.graph.GraphPrefixesProjection.getNsPrefixMap(GraphPrefixesProjection.java:62)
	at org.apache.jena.tdb.store.DatasetPrefixesTDB.getPrefixMapping(DatasetPrefixesTDB.java:166)
	at org.apache.jena.tdb.store.GraphTDB.createPrefixMapping(GraphTDB.java:71)
	at org.apache.jena.graph.impl.GraphBase.getPrefixMapping(GraphBase.java:165)
	at org.apache.jena.graph.GraphUtil.addInto(GraphUtil.java:150)
	at org.apache.jena.sparql.core.DatasetGraphTriplesQuads.addGraph(DatasetGraphTriplesQuads.java:75)
	at org.apache.jena.sparql.core.DatasetGraphWrapper.addGraph(DatasetGraphWrapper.java:78)
	at org.apache.jena.sparql.core.DatasetImpl.addNamedModel(DatasetImpl.java:160)
	at team.weiyu.culture.tdb.CreateTDB.main(CreateTDB.java:21)
01:14:03,175 - WARN org.apache.jena.riot - [line: 29, col: 101] {W124} Non-ascii characters in a namespace URI may not be completely portable: <http://www.semanticweb.org/weiyu/ontologies/2016/5/untitled-ontology-14#社会组织（慈善协会）>. Resulting RDF URI references are legal.
01:15:08,175 - WARN org.apache.jena.riot - [line: 29, col: 101] {W124} Non-ascii characters in a namespace URI may not be completely portable: <http://www.semanticweb.org/weiyu/ontologies/2016/5/untitled-ontology-14#社会组织（慈善协会）>. Resulting RDF URI references are legal.
01:15:28,169 - WARN org.apache.jena.riot - [line: 29, col: 101] {W124} Non-ascii characters in a namespace URI may not be completely portable: <http://www.semanticweb.org/weiyu/ontologies/2016/5/untitled-ontology-14#社会组织（慈善协会）>. Resulting RDF URI references are legal.
01:17:42,460 - WARN org.apache.jena.riot - [line: 29, col: 101] {W124} Non-ascii characters in a namespace URI may not be completely portable: <http://www.semanticweb.org/weiyu/ontologies/2016/5/untitled-ontology-14#社会组织（慈善协会）>. Resulting RDF URI references are legal.
01:18:18,379 - WARN org.apache.jena.riot - [line: 29, col: 101] {W124} Non-ascii characters in a namespace URI may not be completely portable: <http://www.semanticweb.org/weiyu/ontologies/2016/5/untitled-ontology-14#社会组织（慈善协会）>. Resulting RDF URI references are legal.
02:43:20,584 - WARN org.apache.jena.riot - [line: 29, col: 101] {W124} Non-ascii characters in a namespace URI may not be completely portable: <http://www.semanticweb.org/weiyu/ontologies/2016/5/untitled-ontology-14#社会组织（慈善协会）>. Resulting RDF URI references are legal.
02:45:21,266 - WARN org.apache.jena.riot - [line: 29, col: 101] {W124} Non-ascii characters in a namespace URI may not be completely portable: <http://www.semanticweb.org/weiyu/ontologies/2016/5/untitled-ontology-14#社会组织（慈善协会）>. Resulting RDF URI references are legal.
02:45:53,613 - WARN org.apache.jena.riot - [line: 29, col: 101] {W124} Non-ascii characters in a namespace URI may not be completely portable: <http://www.semanticweb.org/weiyu/ontologies/2016/5/untitled-ontology-14#社会组织（慈善协会）>. Resulting RDF URI references are legal.
02:56:44,148 - WARN org.apache.jena.riot - [line: 29, col: 101] {W124} Non-ascii characters in a namespace URI may not be completely portable: <http://www.semanticweb.org/weiyu/ontologies/2016/5/untitled-ontology-14#社会组织（慈善协会）>. Resulting RDF URI references are legal.
03:09:32,862 - WARN org.apache.jena.riot - [line: 29, col: 101] {W124} Non-ascii characters in a namespace URI may not be completely portable: <http://www.semanticweb.org/weiyu/ontologies/2016/5/untitled-ontology-14#社会组织（慈善协会）>. Resulting RDF URI references are legal.
16:07:14,617 - WARN org.apache.jena.riot - [line: 29, col: 101] {W124} Non-ascii characters in a namespace URI may not be completely portable: <http://www.semanticweb.org/weiyu/ontologies/2016/5/untitled-ontology-14#社会组织（慈善协会）>. Resulting RDF URI references are legal.
16:16:20,887 - WARN org.apache.jena.riot - [line: 29, col: 101] {W124} Non-ascii characters in a namespace URI may not be completely portable: <http://www.semanticweb.org/weiyu/ontologies/2016/5/untitled-ontology-14#社会组织（慈善协会）>. Resulting RDF URI references are legal.
16:19:08,389 - WARN org.apache.jena.riot - [line: 29, col: 101] {W124} Non-ascii characters in a namespace URI may not be completely portable: <http://www.semanticweb.org/weiyu/ontologies/2016/5/untitled-ontology-14#社会组织（慈善协会）>. Resulting RDF URI references are legal.
16:22:09,060 - WARN org.apache.jena.riot - [line: 29, col: 101] {W124} Non-ascii characters in a namespace URI may not be completely portable: <http://www.semanticweb.org/weiyu/ontologies/2016/5/untitled-ontology-14#社会组织（慈善协会）>. Resulting RDF URI references are legal.
16:26:19,393 - WARN org.apache.jena.riot - [line: 29, col: 101] {W124} Non-ascii characters in a namespace URI may not be completely portable: <http://www.semanticweb.org/weiyu/ontologies/2016/5/untitled-ontology-14#社会组织（慈善协会）>. Resulting RDF URI references are legal.
04:23:14,927 - WARN org.apache.jena.riot - [line: 29, col: 101] {W124} Non-ascii characters in a namespace URI may not be completely portable: <http://www.semanticweb.org/weiyu/ontologies/2016/5/untitled-ontology-14#社会组织（慈善协会）>. Resulting RDF URI references are legal.
04:26:13,912 - WARN org.apache.jena.riot - [line: 29, col: 101] {W124} Non-ascii characters in a namespace URI may not be completely portable: <http://www.semanticweb.org/weiyu/ontologies/2016/5/untitled-ontology-14#社会组织（慈善协会）>. Resulting RDF URI references are legal.
14:52:09,744 - WARN org.apache.jena.ontology.OntDocumentManager - An error occurred while attempting to read from http://www.owl-ontologies.com/Location.owl. Msg was 'java.net.UnknownHostException: 这是在主机名解析时通常出现的暂时错误，它意味着本地服务器没有从权威服务器上收到响应。'.
org.apache.jena.atlas.web.HttpException: java.net.UnknownHostException: 这是在主机名解析时通常出现的暂时错误，它意味着本地服务器没有从权威服务器上收到响应。
	at org.apache.jena.riot.web.HttpOp.exec(HttpOp.java:1202)
	at org.apache.jena.riot.web.HttpOp.execHttpGet(HttpOp.java:378)
	at org.apache.jena.riot.web.HttpOp.execHttpGet(HttpOp.java:413)
	at org.apache.jena.riot.system.stream.LocatorHTTP.performOpen(LocatorHTTP.java:42)
	at org.apache.jena.riot.system.stream.LocatorURL.open(LocatorURL.java:44)
	at org.apache.jena.riot.system.stream.StreamManager.openNoMapOrNull(StreamManager.java:139)
	at org.apache.jena.riot.system.stream.StreamManager.open(StreamManager.java:100)
	at org.apache.jena.riot.RDFDataMgr.open(RDFDataMgr.java:830)
	at org.apache.jena.riot.RDFDataMgr.open(RDFDataMgr.java:820)
	at org.apache.jena.riot.RDFDataMgr.parse(RDFDataMgr.java:664)
	at org.apache.jena.riot.RDFDataMgr.read(RDFDataMgr.java:212)
	at org.apache.jena.riot.RDFDataMgr.read(RDFDataMgr.java:145)
	at org.apache.jena.riot.RDFDataMgr.read(RDFDataMgr.java:134)
	at org.apache.jena.riot.adapters.AdapterFileManager.readModelWorker(AdapterFileManager.java:282)
	at org.apache.jena.util.FileManager.readModel(FileManager.java:341)
	at org.apache.jena.util.FileManager.readModel(FileManager.java:325)
	at org.apache.jena.ontology.OntDocumentManager.read(OntDocumentManager.java:1062)
	at org.apache.jena.ontology.OntDocumentManager$1.readModel(OntDocumentManager.java:1032)
	at org.apache.jena.rdf.model.impl.ModelMakerImpl.getModel(ModelMakerImpl.java:104)
	at org.apache.jena.ontology.OntDocumentManager.fetchLoadedImportModel(OntDocumentManager.java:1029)
	at org.apache.jena.ontology.OntDocumentManager.fetchPossiblyCachedImportModel(OntDocumentManager.java:1001)
	at org.apache.jena.ontology.OntDocumentManager.loadImport(OntDocumentManager.java:974)
	at org.apache.jena.ontology.OntDocumentManager.loadImports(OntDocumentManager.java:768)
	at org.apache.jena.ontology.OntDocumentManager.loadImports(OntDocumentManager.java:706)
	at org.apache.jena.ontology.impl.OntModelImpl.loadImports(OntModelImpl.java:1964)
	at org.apache.jena.ontology.impl.OntModelImpl.read(OntModelImpl.java:2234)
	at org.apache.jena.rdf.model.impl.ModelCom.read(ModelCom.java:265)
	at org.apache.jena.ontology.impl.OntModelImpl.readDelegate(OntModelImpl.java:3092)
	at org.apache.jena.ontology.impl.OntModelImpl.read(OntModelImpl.java:2190)
	at org.apache.jena.ontology.impl.OntModelImpl.read(OntModelImpl.java:2106)
	at team.weiyu.culture.tdb.CreateTDB.main(CreateTDB.java:37)
Caused by: java.net.UnknownHostException: 这是在主机名解析时通常出现的暂时错误，它意味着本地服务器没有从权威服务器上收到响应。
	at java.net.Inet6AddressImpl.lookupAllHostAddr(Native Method)
	at java.net.InetAddress$2.lookupAllHostAddr(InetAddress.java:928)
	at java.net.InetAddress.getAddressesFromNameService(InetAddress.java:1323)
	at java.net.InetAddress.getAllByName0(InetAddress.java:1276)
	at java.net.InetAddress.getAllByName(InetAddress.java:1192)
	at java.net.InetAddress.getAllByName(InetAddress.java:1126)
	at org.apache.http.impl.conn.SystemDefaultDnsResolver.resolve(SystemDefaultDnsResolver.java:45)
	at org.apache.http.impl.conn.DefaultClientConnectionOperator.resolveHostname(DefaultClientConnectionOperator.java:278)
	at org.apache.http.impl.conn.DefaultClientConnectionOperator.openConnection(DefaultClientConnectionOperator.java:162)
	at org.apache.http.impl.conn.ManagedClientConnectionImpl.open(ManagedClientConnectionImpl.java:294)
	at org.apache.http.impl.client.DefaultRequestDirector.tryConnect(DefaultRequestDirector.java:643)
	at org.apache.http.impl.client.DefaultRequestDirector.execute(DefaultRequestDirector.java:479)
	at org.apache.http.impl.client.AbstractHttpClient.execute(AbstractHttpClient.java:906)
	at org.apache.http.impl.client.AbstractHttpClient.execute(AbstractHttpClient.java:805)
	at org.apache.jena.riot.web.HttpOp.exec(HttpOp.java:1186)
	... 30 more
14:52:15,159 - WARN org.apache.jena.ontology.OntDocumentManager - An error occurred while attempting to read from http://www.owl-ontologies.com/Time.owl. Msg was 'java.net.UnknownHostException: ww1.owl-ontologies.com'.
org.apache.jena.atlas.web.HttpException: java.net.UnknownHostException: ww1.owl-ontologies.com
	at org.apache.jena.riot.web.HttpOp.exec(HttpOp.java:1202)
	at org.apache.jena.riot.web.HttpOp.execHttpGet(HttpOp.java:378)
	at org.apache.jena.riot.web.HttpOp.execHttpGet(HttpOp.java:413)
	at org.apache.jena.riot.system.stream.LocatorHTTP.performOpen(LocatorHTTP.java:42)
	at org.apache.jena.riot.system.stream.LocatorURL.open(LocatorURL.java:44)
	at org.apache.jena.riot.system.stream.StreamManager.openNoMapOrNull(StreamManager.java:139)
	at org.apache.jena.riot.system.stream.StreamManager.open(StreamManager.java:100)
	at org.apache.jena.riot.RDFDataMgr.open(RDFDataMgr.java:830)
	at org.apache.jena.riot.RDFDataMgr.open(RDFDataMgr.java:820)
	at org.apache.jena.riot.RDFDataMgr.parse(RDFDataMgr.java:664)
	at org.apache.jena.riot.RDFDataMgr.read(RDFDataMgr.java:212)
	at org.apache.jena.riot.RDFDataMgr.read(RDFDataMgr.java:145)
	at org.apache.jena.riot.RDFDataMgr.read(RDFDataMgr.java:134)
	at org.apache.jena.riot.adapters.AdapterFileManager.readModelWorker(AdapterFileManager.java:282)
	at org.apache.jena.util.FileManager.readModel(FileManager.java:341)
	at org.apache.jena.util.FileManager.readModel(FileManager.java:325)
	at org.apache.jena.ontology.OntDocumentManager.read(OntDocumentManager.java:1062)
	at org.apache.jena.ontology.OntDocumentManager$1.readModel(OntDocumentManager.java:1032)
	at org.apache.jena.rdf.model.impl.ModelMakerImpl.getModel(ModelMakerImpl.java:104)
	at org.apache.jena.ontology.OntDocumentManager.fetchLoadedImportModel(OntDocumentManager.java:1029)
	at org.apache.jena.ontology.OntDocumentManager.fetchPossiblyCachedImportModel(OntDocumentManager.java:1001)
	at org.apache.jena.ontology.OntDocumentManager.loadImport(OntDocumentManager.java:974)
	at org.apache.jena.ontology.OntDocumentManager.loadImports(OntDocumentManager.java:768)
	at org.apache.jena.ontology.OntDocumentManager.loadImports(OntDocumentManager.java:706)
	at org.apache.jena.ontology.impl.OntModelImpl.loadImports(OntModelImpl.java:1964)
	at org.apache.jena.ontology.impl.OntModelImpl.read(OntModelImpl.java:2234)
	at org.apache.jena.rdf.model.impl.ModelCom.read(ModelCom.java:265)
	at org.apache.jena.ontology.impl.OntModelImpl.readDelegate(OntModelImpl.java:3092)
	at org.apache.jena.ontology.impl.OntModelImpl.read(OntModelImpl.java:2190)
	at org.apache.jena.ontology.impl.OntModelImpl.read(OntModelImpl.java:2106)
	at team.weiyu.culture.tdb.CreateTDB.main(CreateTDB.java:37)
Caused by: java.net.UnknownHostException: ww1.owl-ontologies.com
	at java.net.InetAddress.getAllByName0(InetAddress.java:1280)
	at java.net.InetAddress.getAllByName(InetAddress.java:1192)
	at java.net.InetAddress.getAllByName(InetAddress.java:1126)
	at org.apache.http.impl.conn.SystemDefaultDnsResolver.resolve(SystemDefaultDnsResolver.java:45)
	at org.apache.http.impl.conn.DefaultClientConnectionOperator.resolveHostname(DefaultClientConnectionOperator.java:278)
	at org.apache.http.impl.conn.DefaultClientConnectionOperator.openConnection(DefaultClientConnectionOperator.java:162)
	at org.apache.http.impl.conn.ManagedClientConnectionImpl.open(ManagedClientConnectionImpl.java:294)
	at org.apache.http.impl.client.DefaultRequestDirector.tryConnect(DefaultRequestDirector.java:643)
	at org.apache.http.impl.client.DefaultRequestDirector.execute(DefaultRequestDirector.java:479)
	at org.apache.http.impl.client.AbstractHttpClient.execute(AbstractHttpClient.java:906)
	at org.apache.http.impl.client.AbstractHttpClient.execute(AbstractHttpClient.java:805)
	at org.apache.jena.riot.web.HttpOp.exec(HttpOp.java:1186)
	... 30 more
14:52:17,368 - WARN org.apache.jena.ontology.OntDocumentManager - An error occurred while attempting to read from http://www.owl-ontologies.com/Cultural_relics.owl. Msg was 'java.net.UnknownHostException: ww1.owl-ontologies.com'.
org.apache.jena.atlas.web.HttpException: java.net.UnknownHostException: ww1.owl-ontologies.com
	at org.apache.jena.riot.web.HttpOp.exec(HttpOp.java:1202)
	at org.apache.jena.riot.web.HttpOp.execHttpGet(HttpOp.java:378)
	at org.apache.jena.riot.web.HttpOp.execHttpGet(HttpOp.java:413)
	at org.apache.jena.riot.system.stream.LocatorHTTP.performOpen(LocatorHTTP.java:42)
	at org.apache.jena.riot.system.stream.LocatorURL.open(LocatorURL.java:44)
	at org.apache.jena.riot.system.stream.StreamManager.openNoMapOrNull(StreamManager.java:139)
	at org.apache.jena.riot.system.stream.StreamManager.open(StreamManager.java:100)
	at org.apache.jena.riot.RDFDataMgr.open(RDFDataMgr.java:830)
	at org.apache.jena.riot.RDFDataMgr.open(RDFDataMgr.java:820)
	at org.apache.jena.riot.RDFDataMgr.parse(RDFDataMgr.java:664)
	at org.apache.jena.riot.RDFDataMgr.read(RDFDataMgr.java:212)
	at org.apache.jena.riot.RDFDataMgr.read(RDFDataMgr.java:145)
	at org.apache.jena.riot.RDFDataMgr.read(RDFDataMgr.java:134)
	at org.apache.jena.riot.adapters.AdapterFileManager.readModelWorker(AdapterFileManager.java:282)
	at org.apache.jena.util.FileManager.readModel(FileManager.java:341)
	at org.apache.jena.util.FileManager.readModel(FileManager.java:325)
	at org.apache.jena.ontology.OntDocumentManager.read(OntDocumentManager.java:1062)
	at org.apache.jena.ontology.OntDocumentManager$1.readModel(OntDocumentManager.java:1032)
	at org.apache.jena.rdf.model.impl.ModelMakerImpl.getModel(ModelMakerImpl.java:104)
	at org.apache.jena.ontology.OntDocumentManager.fetchLoadedImportModel(OntDocumentManager.java:1029)
	at org.apache.jena.ontology.OntDocumentManager.fetchPossiblyCachedImportModel(OntDocumentManager.java:1001)
	at org.apache.jena.ontology.OntDocumentManager.loadImport(OntDocumentManager.java:974)
	at org.apache.jena.ontology.OntDocumentManager.loadImports(OntDocumentManager.java:768)
	at org.apache.jena.ontology.OntDocumentManager.loadImports(OntDocumentManager.java:706)
	at org.apache.jena.ontology.impl.OntModelImpl.loadImports(OntModelImpl.java:1964)
	at org.apache.jena.ontology.impl.OntModelImpl.read(OntModelImpl.java:2234)
	at org.apache.jena.rdf.model.impl.ModelCom.read(ModelCom.java:265)
	at org.apache.jena.ontology.impl.OntModelImpl.readDelegate(OntModelImpl.java:3092)
	at org.apache.jena.ontology.impl.OntModelImpl.read(OntModelImpl.java:2190)
	at org.apache.jena.ontology.impl.OntModelImpl.read(OntModelImpl.java:2106)
	at team.weiyu.culture.tdb.CreateTDB.main(CreateTDB.java:37)
Caused by: java.net.UnknownHostException: ww1.owl-ontologies.com
	at java.net.InetAddress.getAllByName0(InetAddress.java:1280)
	at java.net.InetAddress.getAllByName(InetAddress.java:1192)
	at java.net.InetAddress.getAllByName(InetAddress.java:1126)
	at org.apache.http.impl.conn.SystemDefaultDnsResolver.resolve(SystemDefaultDnsResolver.java:45)
	at org.apache.http.impl.conn.DefaultClientConnectionOperator.resolveHostname(DefaultClientConnectionOperator.java:278)
	at org.apache.http.impl.conn.DefaultClientConnectionOperator.openConnection(DefaultClientConnectionOperator.java:162)
	at org.apache.http.impl.conn.ManagedClientConnectionImpl.open(ManagedClientConnectionImpl.java:294)
	at org.apache.http.impl.client.DefaultRequestDirector.tryConnect(DefaultRequestDirector.java:643)
	at org.apache.http.impl.client.DefaultRequestDirector.execute(DefaultRequestDirector.java:479)
	at org.apache.http.impl.client.AbstractHttpClient.execute(AbstractHttpClient.java:906)
	at org.apache.http.impl.client.AbstractHttpClient.execute(AbstractHttpClient.java:805)
	at org.apache.jena.riot.web.HttpOp.exec(HttpOp.java:1186)
	... 30 more
14:52:18,515 - WARN org.apache.jena.ontology.OntDocumentManager - An error occurred while attempting to read from http://www.owl-ontologies.com/Organization.owl. Msg was 'java.net.UnknownHostException: ww1.owl-ontologies.com'.
org.apache.jena.atlas.web.HttpException: java.net.UnknownHostException: ww1.owl-ontologies.com
	at org.apache.jena.riot.web.HttpOp.exec(HttpOp.java:1202)
	at org.apache.jena.riot.web.HttpOp.execHttpGet(HttpOp.java:378)
	at org.apache.jena.riot.web.HttpOp.execHttpGet(HttpOp.java:413)
	at org.apache.jena.riot.system.stream.LocatorHTTP.performOpen(LocatorHTTP.java:42)
	at org.apache.jena.riot.system.stream.LocatorURL.open(LocatorURL.java:44)
	at org.apache.jena.riot.system.stream.StreamManager.openNoMapOrNull(StreamManager.java:139)
	at org.apache.jena.riot.system.stream.StreamManager.open(StreamManager.java:100)
	at org.apache.jena.riot.RDFDataMgr.open(RDFDataMgr.java:830)
	at org.apache.jena.riot.RDFDataMgr.open(RDFDataMgr.java:820)
	at org.apache.jena.riot.RDFDataMgr.parse(RDFDataMgr.java:664)
	at org.apache.jena.riot.RDFDataMgr.read(RDFDataMgr.java:212)
	at org.apache.jena.riot.RDFDataMgr.read(RDFDataMgr.java:145)
	at org.apache.jena.riot.RDFDataMgr.read(RDFDataMgr.java:134)
	at org.apache.jena.riot.adapters.AdapterFileManager.readModelWorker(AdapterFileManager.java:282)
	at org.apache.jena.util.FileManager.readModel(FileManager.java:341)
	at org.apache.jena.util.FileManager.readModel(FileManager.java:325)
	at org.apache.jena.ontology.OntDocumentManager.read(OntDocumentManager.java:1062)
	at org.apache.jena.ontology.OntDocumentManager$1.readModel(OntDocumentManager.java:1032)
	at org.apache.jena.rdf.model.impl.ModelMakerImpl.getModel(ModelMakerImpl.java:104)
	at org.apache.jena.ontology.OntDocumentManager.fetchLoadedImportModel(OntDocumentManager.java:1029)
	at org.apache.jena.ontology.OntDocumentManager.fetchPossiblyCachedImportModel(OntDocumentManager.java:1001)
	at org.apache.jena.ontology.OntDocumentManager.loadImport(OntDocumentManager.java:974)
	at org.apache.jena.ontology.OntDocumentManager.loadImports(OntDocumentManager.java:768)
	at org.apache.jena.ontology.OntDocumentManager.loadImports(OntDocumentManager.java:706)
	at org.apache.jena.ontology.impl.OntModelImpl.loadImports(OntModelImpl.java:1964)
	at org.apache.jena.ontology.impl.OntModelImpl.read(OntModelImpl.java:2234)
	at org.apache.jena.rdf.model.impl.ModelCom.read(ModelCom.java:265)
	at org.apache.jena.ontology.impl.OntModelImpl.readDelegate(OntModelImpl.java:3092)
	at org.apache.jena.ontology.impl.OntModelImpl.read(OntModelImpl.java:2190)
	at org.apache.jena.ontology.impl.OntModelImpl.read(OntModelImpl.java:2106)
	at team.weiyu.culture.tdb.CreateTDB.main(CreateTDB.java:37)
Caused by: java.net.UnknownHostException: ww1.owl-ontologies.com
	at java.net.InetAddress.getAllByName0(InetAddress.java:1280)
	at java.net.InetAddress.getAllByName(InetAddress.java:1192)
	at java.net.InetAddress.getAllByName(InetAddress.java:1126)
	at org.apache.http.impl.conn.SystemDefaultDnsResolver.resolve(SystemDefaultDnsResolver.java:45)
	at org.apache.http.impl.conn.DefaultClientConnectionOperator.resolveHostname(DefaultClientConnectionOperator.java:278)
	at org.apache.http.impl.conn.DefaultClientConnectionOperator.openConnection(DefaultClientConnectionOperator.java:162)
	at org.apache.http.impl.conn.ManagedClientConnectionImpl.open(ManagedClientConnectionImpl.java:294)
	at org.apache.http.impl.client.DefaultRequestDirector.tryConnect(DefaultRequestDirector.java:643)
	at org.apache.http.impl.client.DefaultRequestDirector.execute(DefaultRequestDirector.java:479)
	at org.apache.http.impl.client.AbstractHttpClient.execute(AbstractHttpClient.java:906)
	at org.apache.http.impl.client.AbstractHttpClient.execute(AbstractHttpClient.java:805)
	at org.apache.jena.riot.web.HttpOp.exec(HttpOp.java:1186)
	... 30 more
14:52:19,653 - WARN org.apache.jena.ontology.OntDocumentManager - An error occurred while attempting to read from http://www.owl-ontologies.com/Xiangshan_individual.owl. Msg was 'java.net.UnknownHostException: ww1.owl-ontologies.com'.
org.apache.jena.atlas.web.HttpException: java.net.UnknownHostException: ww1.owl-ontologies.com
	at org.apache.jena.riot.web.HttpOp.exec(HttpOp.java:1202)
	at org.apache.jena.riot.web.HttpOp.execHttpGet(HttpOp.java:378)
	at org.apache.jena.riot.web.HttpOp.execHttpGet(HttpOp.java:413)
	at org.apache.jena.riot.system.stream.LocatorHTTP.performOpen(LocatorHTTP.java:42)
	at org.apache.jena.riot.system.stream.LocatorURL.open(LocatorURL.java:44)
	at org.apache.jena.riot.system.stream.StreamManager.openNoMapOrNull(StreamManager.java:139)
	at org.apache.jena.riot.system.stream.StreamManager.open(StreamManager.java:100)
	at org.apache.jena.riot.RDFDataMgr.open(RDFDataMgr.java:830)
	at org.apache.jena.riot.RDFDataMgr.open(RDFDataMgr.java:820)
	at org.apache.jena.riot.RDFDataMgr.parse(RDFDataMgr.java:664)
	at org.apache.jena.riot.RDFDataMgr.read(RDFDataMgr.java:212)
	at org.apache.jena.riot.RDFDataMgr.read(RDFDataMgr.java:145)
	at org.apache.jena.riot.RDFDataMgr.read(RDFDataMgr.java:134)
	at org.apache.jena.riot.adapters.AdapterFileManager.readModelWorker(AdapterFileManager.java:282)
	at org.apache.jena.util.FileManager.readModel(FileManager.java:341)
	at org.apache.jena.util.FileManager.readModel(FileManager.java:325)
	at org.apache.jena.ontology.OntDocumentManager.read(OntDocumentManager.java:1062)
	at org.apache.jena.ontology.OntDocumentManager$1.readModel(OntDocumentManager.java:1032)
	at org.apache.jena.rdf.model.impl.ModelMakerImpl.getModel(ModelMakerImpl.java:104)
	at org.apache.jena.ontology.OntDocumentManager.fetchLoadedImportModel(OntDocumentManager.java:1029)
	at org.apache.jena.ontology.OntDocumentManager.fetchPossiblyCachedImportModel(OntDocumentManager.java:1001)
	at org.apache.jena.ontology.OntDocumentManager.loadImport(OntDocumentManager.java:974)
	at org.apache.jena.ontology.OntDocumentManager.loadImports(OntDocumentManager.java:768)
	at org.apache.jena.ontology.OntDocumentManager.loadImports(OntDocumentManager.java:706)
	at org.apache.jena.ontology.impl.OntModelImpl.loadImports(OntModelImpl.java:1964)
	at org.apache.jena.ontology.impl.OntModelImpl.read(OntModelImpl.java:2234)
	at org.apache.jena.rdf.model.impl.ModelCom.read(ModelCom.java:265)
	at org.apache.jena.ontology.impl.OntModelImpl.readDelegate(OntModelImpl.java:3092)
	at org.apache.jena.ontology.impl.OntModelImpl.read(OntModelImpl.java:2190)
	at org.apache.jena.ontology.impl.OntModelImpl.read(OntModelImpl.java:2106)
	at team.weiyu.culture.tdb.CreateTDB.main(CreateTDB.java:37)
Caused by: java.net.UnknownHostException: ww1.owl-ontologies.com
	at java.net.InetAddress.getAllByName0(InetAddress.java:1280)
	at java.net.InetAddress.getAllByName(InetAddress.java:1192)
	at java.net.InetAddress.getAllByName(InetAddress.java:1126)
	at org.apache.http.impl.conn.SystemDefaultDnsResolver.resolve(SystemDefaultDnsResolver.java:45)
	at org.apache.http.impl.conn.DefaultClientConnectionOperator.resolveHostname(DefaultClientConnectionOperator.java:278)
	at org.apache.http.impl.conn.DefaultClientConnectionOperator.openConnection(DefaultClientConnectionOperator.java:162)
	at org.apache.http.impl.conn.ManagedClientConnectionImpl.open(ManagedClientConnectionImpl.java:294)
	at org.apache.http.impl.client.DefaultRequestDirector.tryConnect(DefaultRequestDirector.java:643)
	at org.apache.http.impl.client.DefaultRequestDirector.execute(DefaultRequestDirector.java:479)
	at org.apache.http.impl.client.AbstractHttpClient.execute(AbstractHttpClient.java:906)
	at org.apache.http.impl.client.AbstractHttpClient.execute(AbstractHttpClient.java:805)
	at org.apache.jena.riot.web.HttpOp.exec(HttpOp.java:1186)
	... 30 more
14:52:43,926 - WARN org.apache.jena.ontology.OntDocumentManager - An error occurred while attempting to read from http://www.owl-ontologies.com/Location.owl. Msg was 'java.net.UnknownHostException: 这是在主机名解析时通常出现的暂时错误，它意味着本地服务器没有从权威服务器上收到响应。'.
org.apache.jena.atlas.web.HttpException: java.net.UnknownHostException: 这是在主机名解析时通常出现的暂时错误，它意味着本地服务器没有从权威服务器上收到响应。
	at org.apache.jena.riot.web.HttpOp.exec(HttpOp.java:1202)
	at org.apache.jena.riot.web.HttpOp.execHttpGet(HttpOp.java:378)
	at org.apache.jena.riot.web.HttpOp.execHttpGet(HttpOp.java:413)
	at org.apache.jena.riot.system.stream.LocatorHTTP.performOpen(LocatorHTTP.java:42)
	at org.apache.jena.riot.system.stream.LocatorURL.open(LocatorURL.java:44)
	at org.apache.jena.riot.system.stream.StreamManager.openNoMapOrNull(StreamManager.java:139)
	at org.apache.jena.riot.system.stream.StreamManager.open(StreamManager.java:100)
	at org.apache.jena.riot.RDFDataMgr.open(RDFDataMgr.java:830)
	at org.apache.jena.riot.RDFDataMgr.open(RDFDataMgr.java:820)
	at org.apache.jena.riot.RDFDataMgr.parse(RDFDataMgr.java:664)
	at org.apache.jena.riot.RDFDataMgr.read(RDFDataMgr.java:212)
	at org.apache.jena.riot.RDFDataMgr.read(RDFDataMgr.java:145)
	at org.apache.jena.riot.RDFDataMgr.read(RDFDataMgr.java:134)
	at org.apache.jena.riot.adapters.AdapterFileManager.readModelWorker(AdapterFileManager.java:282)
	at org.apache.jena.util.FileManager.readModel(FileManager.java:341)
	at org.apache.jena.util.FileManager.readModel(FileManager.java:325)
	at org.apache.jena.ontology.OntDocumentManager.read(OntDocumentManager.java:1062)
	at org.apache.jena.ontology.OntDocumentManager$1.readModel(OntDocumentManager.java:1032)
	at org.apache.jena.rdf.model.impl.ModelMakerImpl.getModel(ModelMakerImpl.java:104)
	at org.apache.jena.ontology.OntDocumentManager.fetchLoadedImportModel(OntDocumentManager.java:1029)
	at org.apache.jena.ontology.OntDocumentManager.fetchPossiblyCachedImportModel(OntDocumentManager.java:1001)
	at org.apache.jena.ontology.OntDocumentManager.loadImport(OntDocumentManager.java:974)
	at org.apache.jena.ontology.OntDocumentManager.loadImports(OntDocumentManager.java:768)
	at org.apache.jena.ontology.OntDocumentManager.loadImports(OntDocumentManager.java:706)
	at org.apache.jena.ontology.impl.OntModelImpl.loadImports(OntModelImpl.java:1964)
	at org.apache.jena.ontology.impl.OntModelImpl.read(OntModelImpl.java:2234)
	at org.apache.jena.rdf.model.impl.ModelCom.read(ModelCom.java:265)
	at org.apache.jena.ontology.impl.OntModelImpl.readDelegate(OntModelImpl.java:3092)
	at org.apache.jena.ontology.impl.OntModelImpl.read(OntModelImpl.java:2190)
	at org.apache.jena.ontology.impl.OntModelImpl.read(OntModelImpl.java:2106)
	at team.weiyu.culture.tdb.CreateTDB.main(CreateTDB.java:37)
Caused by: java.net.UnknownHostException: 这是在主机名解析时通常出现的暂时错误，它意味着本地服务器没有从权威服务器上收到响应。
	at java.net.Inet6AddressImpl.lookupAllHostAddr(Native Method)
	at java.net.InetAddress$2.lookupAllHostAddr(InetAddress.java:928)
	at java.net.InetAddress.getAddressesFromNameService(InetAddress.java:1323)
	at java.net.InetAddress.getAllByName0(InetAddress.java:1276)
	at java.net.InetAddress.getAllByName(InetAddress.java:1192)
	at java.net.InetAddress.getAllByName(InetAddress.java:1126)
	at org.apache.http.impl.conn.SystemDefaultDnsResolver.resolve(SystemDefaultDnsResolver.java:45)
	at org.apache.http.impl.conn.DefaultClientConnectionOperator.resolveHostname(DefaultClientConnectionOperator.java:278)
	at org.apache.http.impl.conn.DefaultClientConnectionOperator.openConnection(DefaultClientConnectionOperator.java:162)
	at org.apache.http.impl.conn.ManagedClientConnectionImpl.open(ManagedClientConnectionImpl.java:294)
	at org.apache.http.impl.client.DefaultRequestDirector.tryConnect(DefaultRequestDirector.java:643)
	at org.apache.http.impl.client.DefaultRequestDirector.execute(DefaultRequestDirector.java:479)
	at org.apache.http.impl.client.AbstractHttpClient.execute(AbstractHttpClient.java:906)
	at org.apache.http.impl.client.AbstractHttpClient.execute(AbstractHttpClient.java:805)
	at org.apache.jena.riot.web.HttpOp.exec(HttpOp.java:1186)
	... 30 more
14:52:45,055 - WARN org.apache.jena.ontology.OntDocumentManager - An error occurred while attempting to read from http://www.owl-ontologies.com/Time.owl. Msg was 'java.net.UnknownHostException: ww1.owl-ontologies.com'.
org.apache.jena.atlas.web.HttpException: java.net.UnknownHostException: ww1.owl-ontologies.com
	at org.apache.jena.riot.web.HttpOp.exec(HttpOp.java:1202)
	at org.apache.jena.riot.web.HttpOp.execHttpGet(HttpOp.java:378)
	at org.apache.jena.riot.web.HttpOp.execHttpGet(HttpOp.java:413)
	at org.apache.jena.riot.system.stream.LocatorHTTP.performOpen(LocatorHTTP.java:42)
	at org.apache.jena.riot.system.stream.LocatorURL.open(LocatorURL.java:44)
	at org.apache.jena.riot.system.stream.StreamManager.openNoMapOrNull(StreamManager.java:139)
	at org.apache.jena.riot.system.stream.StreamManager.open(StreamManager.java:100)
	at org.apache.jena.riot.RDFDataMgr.open(RDFDataMgr.java:830)
	at org.apache.jena.riot.RDFDataMgr.open(RDFDataMgr.java:820)
	at org.apache.jena.riot.RDFDataMgr.parse(RDFDataMgr.java:664)
	at org.apache.jena.riot.RDFDataMgr.read(RDFDataMgr.java:212)
	at org.apache.jena.riot.RDFDataMgr.read(RDFDataMgr.java:145)
	at org.apache.jena.riot.RDFDataMgr.read(RDFDataMgr.java:134)
	at org.apache.jena.riot.adapters.AdapterFileManager.readModelWorker(AdapterFileManager.java:282)
	at org.apache.jena.util.FileManager.readModel(FileManager.java:341)
	at org.apache.jena.util.FileManager.readModel(FileManager.java:325)
	at org.apache.jena.ontology.OntDocumentManager.read(OntDocumentManager.java:1062)
	at org.apache.jena.ontology.OntDocumentManager$1.readModel(OntDocumentManager.java:1032)
	at org.apache.jena.rdf.model.impl.ModelMakerImpl.getModel(ModelMakerImpl.java:104)
	at org.apache.jena.ontology.OntDocumentManager.fetchLoadedImportModel(OntDocumentManager.java:1029)
	at org.apache.jena.ontology.OntDocumentManager.fetchPossiblyCachedImportModel(OntDocumentManager.java:1001)
	at org.apache.jena.ontology.OntDocumentManager.loadImport(OntDocumentManager.java:974)
	at org.apache.jena.ontology.OntDocumentManager.loadImports(OntDocumentManager.java:768)
	at org.apache.jena.ontology.OntDocumentManager.loadImports(OntDocumentManager.java:706)
	at org.apache.jena.ontology.impl.OntModelImpl.loadImports(OntModelImpl.java:1964)
	at org.apache.jena.ontology.impl.OntModelImpl.read(OntModelImpl.java:2234)
	at org.apache.jena.rdf.model.impl.ModelCom.read(ModelCom.java:265)
	at org.apache.jena.ontology.impl.OntModelImpl.readDelegate(OntModelImpl.java:3092)
	at org.apache.jena.ontology.impl.OntModelImpl.read(OntModelImpl.java:2190)
	at org.apache.jena.ontology.impl.OntModelImpl.read(OntModelImpl.java:2106)
	at team.weiyu.culture.tdb.CreateTDB.main(CreateTDB.java:37)
Caused by: java.net.UnknownHostException: ww1.owl-ontologies.com
	at java.net.InetAddress.getAllByName0(InetAddress.java:1280)
	at java.net.InetAddress.getAllByName(InetAddress.java:1192)
	at java.net.InetAddress.getAllByName(InetAddress.java:1126)
	at org.apache.http.impl.conn.SystemDefaultDnsResolver.resolve(SystemDefaultDnsResolver.java:45)
	at org.apache.http.impl.conn.DefaultClientConnectionOperator.resolveHostname(DefaultClientConnectionOperator.java:278)
	at org.apache.http.impl.conn.DefaultClientConnectionOperator.openConnection(DefaultClientConnectionOperator.java:162)
	at org.apache.http.impl.conn.ManagedClientConnectionImpl.open(ManagedClientConnectionImpl.java:294)
	at org.apache.http.impl.client.DefaultRequestDirector.tryConnect(DefaultRequestDirector.java:643)
	at org.apache.http.impl.client.DefaultRequestDirector.execute(DefaultRequestDirector.java:479)
	at org.apache.http.impl.client.AbstractHttpClient.execute(AbstractHttpClient.java:906)
	at org.apache.http.impl.client.AbstractHttpClient.execute(AbstractHttpClient.java:805)
	at org.apache.jena.riot.web.HttpOp.exec(HttpOp.java:1186)
	... 30 more
14:52:50,486 - WARN org.apache.jena.ontology.OntDocumentManager - An error occurred while attempting to read from http://www.owl-ontologies.com/Cultural_relics.owl. Msg was 'java.net.UnknownHostException: ww1.owl-ontologies.com'.
org.apache.jena.atlas.web.HttpException: java.net.UnknownHostException: ww1.owl-ontologies.com
	at org.apache.jena.riot.web.HttpOp.exec(HttpOp.java:1202)
	at org.apache.jena.riot.web.HttpOp.execHttpGet(HttpOp.java:378)
	at org.apache.jena.riot.web.HttpOp.execHttpGet(HttpOp.java:413)
	at org.apache.jena.riot.system.stream.LocatorHTTP.performOpen(LocatorHTTP.java:42)
	at org.apache.jena.riot.system.stream.LocatorURL.open(LocatorURL.java:44)
	at org.apache.jena.riot.system.stream.StreamManager.openNoMapOrNull(StreamManager.java:139)
	at org.apache.jena.riot.system.stream.StreamManager.open(StreamManager.java:100)
	at org.apache.jena.riot.RDFDataMgr.open(RDFDataMgr.java:830)
	at org.apache.jena.riot.RDFDataMgr.open(RDFDataMgr.java:820)
	at org.apache.jena.riot.RDFDataMgr.parse(RDFDataMgr.java:664)
	at org.apache.jena.riot.RDFDataMgr.read(RDFDataMgr.java:212)
	at org.apache.jena.riot.RDFDataMgr.read(RDFDataMgr.java:145)
	at org.apache.jena.riot.RDFDataMgr.read(RDFDataMgr.java:134)
	at org.apache.jena.riot.adapters.AdapterFileManager.readModelWorker(AdapterFileManager.java:282)
	at org.apache.jena.util.FileManager.readModel(FileManager.java:341)
	at org.apache.jena.util.FileManager.readModel(FileManager.java:325)
	at org.apache.jena.ontology.OntDocumentManager.read(OntDocumentManager.java:1062)
	at org.apache.jena.ontology.OntDocumentManager$1.readModel(OntDocumentManager.java:1032)
	at org.apache.jena.rdf.model.impl.ModelMakerImpl.getModel(ModelMakerImpl.java:104)
	at org.apache.jena.ontology.OntDocumentManager.fetchLoadedImportModel(OntDocumentManager.java:1029)
	at org.apache.jena.ontology.OntDocumentManager.fetchPossiblyCachedImportModel(OntDocumentManager.java:1001)
	at org.apache.jena.ontology.OntDocumentManager.loadImport(OntDocumentManager.java:974)
	at org.apache.jena.ontology.OntDocumentManager.loadImports(OntDocumentManager.java:768)
	at org.apache.jena.ontology.OntDocumentManager.loadImports(OntDocumentManager.java:706)
	at org.apache.jena.ontology.impl.OntModelImpl.loadImports(OntModelImpl.java:1964)
	at org.apache.jena.ontology.impl.OntModelImpl.read(OntModelImpl.java:2234)
	at org.apache.jena.rdf.model.impl.ModelCom.read(ModelCom.java:265)
	at org.apache.jena.ontology.impl.OntModelImpl.readDelegate(OntModelImpl.java:3092)
	at org.apache.jena.ontology.impl.OntModelImpl.read(OntModelImpl.java:2190)
	at org.apache.jena.ontology.impl.OntModelImpl.read(OntModelImpl.java:2106)
	at team.weiyu.culture.tdb.CreateTDB.main(CreateTDB.java:37)
Caused by: java.net.UnknownHostException: ww1.owl-ontologies.com
	at java.net.InetAddress.getAllByName0(InetAddress.java:1280)
	at java.net.InetAddress.getAllByName(InetAddress.java:1192)
	at java.net.InetAddress.getAllByName(InetAddress.java:1126)
	at org.apache.http.impl.conn.SystemDefaultDnsResolver.resolve(SystemDefaultDnsResolver.java:45)
	at org.apache.http.impl.conn.DefaultClientConnectionOperator.resolveHostname(DefaultClientConnectionOperator.java:278)
	at org.apache.http.impl.conn.DefaultClientConnectionOperator.openConnection(DefaultClientConnectionOperator.java:162)
	at org.apache.http.impl.conn.ManagedClientConnectionImpl.open(ManagedClientConnectionImpl.java:294)
	at org.apache.http.impl.client.DefaultRequestDirector.tryConnect(DefaultRequestDirector.java:643)
	at org.apache.http.impl.client.DefaultRequestDirector.execute(DefaultRequestDirector.java:479)
	at org.apache.http.impl.client.AbstractHttpClient.execute(AbstractHttpClient.java:906)
	at org.apache.http.impl.client.AbstractHttpClient.execute(AbstractHttpClient.java:805)
	at org.apache.jena.riot.web.HttpOp.exec(HttpOp.java:1186)
	... 30 more
14:52:51,620 - WARN org.apache.jena.ontology.OntDocumentManager - An error occurred while attempting to read from http://www.owl-ontologies.com/Organization.owl. Msg was 'java.net.UnknownHostException: ww1.owl-ontologies.com'.
org.apache.jena.atlas.web.HttpException: java.net.UnknownHostException: ww1.owl-ontologies.com
	at org.apache.jena.riot.web.HttpOp.exec(HttpOp.java:1202)
	at org.apache.jena.riot.web.HttpOp.execHttpGet(HttpOp.java:378)
	at org.apache.jena.riot.web.HttpOp.execHttpGet(HttpOp.java:413)
	at org.apache.jena.riot.system.stream.LocatorHTTP.performOpen(LocatorHTTP.java:42)
	at org.apache.jena.riot.system.stream.LocatorURL.open(LocatorURL.java:44)
	at org.apache.jena.riot.system.stream.StreamManager.openNoMapOrNull(StreamManager.java:139)
	at org.apache.jena.riot.system.stream.StreamManager.open(StreamManager.java:100)
	at org.apache.jena.riot.RDFDataMgr.open(RDFDataMgr.java:830)
	at org.apache.jena.riot.RDFDataMgr.open(RDFDataMgr.java:820)
	at org.apache.jena.riot.RDFDataMgr.parse(RDFDataMgr.java:664)
	at org.apache.jena.riot.RDFDataMgr.read(RDFDataMgr.java:212)
	at org.apache.jena.riot.RDFDataMgr.read(RDFDataMgr.java:145)
	at org.apache.jena.riot.RDFDataMgr.read(RDFDataMgr.java:134)
	at org.apache.jena.riot.adapters.AdapterFileManager.readModelWorker(AdapterFileManager.java:282)
	at org.apache.jena.util.FileManager.readModel(FileManager.java:341)
	at org.apache.jena.util.FileManager.readModel(FileManager.java:325)
	at org.apache.jena.ontology.OntDocumentManager.read(OntDocumentManager.java:1062)
	at org.apache.jena.ontology.OntDocumentManager$1.readModel(OntDocumentManager.java:1032)
	at org.apache.jena.rdf.model.impl.ModelMakerImpl.getModel(ModelMakerImpl.java:104)
	at org.apache.jena.ontology.OntDocumentManager.fetchLoadedImportModel(OntDocumentManager.java:1029)
	at org.apache.jena.ontology.OntDocumentManager.fetchPossiblyCachedImportModel(OntDocumentManager.java:1001)
	at org.apache.jena.ontology.OntDocumentManager.loadImport(OntDocumentManager.java:974)
	at org.apache.jena.ontology.OntDocumentManager.loadImports(OntDocumentManager.java:768)
	at org.apache.jena.ontology.OntDocumentManager.loadImports(OntDocumentManager.java:706)
	at org.apache.jena.ontology.impl.OntModelImpl.loadImports(OntModelImpl.java:1964)
	at org.apache.jena.ontology.impl.OntModelImpl.read(OntModelImpl.java:2234)
	at org.apache.jena.rdf.model.impl.ModelCom.read(ModelCom.java:265)
	at org.apache.jena.ontology.impl.OntModelImpl.readDelegate(OntModelImpl.java:3092)
	at org.apache.jena.ontology.impl.OntModelImpl.read(OntModelImpl.java:2190)
	at org.apache.jena.ontology.impl.OntModelImpl.read(OntModelImpl.java:2106)
	at team.weiyu.culture.tdb.CreateTDB.main(CreateTDB.java:37)
Caused by: java.net.UnknownHostException: ww1.owl-ontologies.com
	at java.net.InetAddress.getAllByName0(InetAddress.java:1280)
	at java.net.InetAddress.getAllByName(InetAddress.java:1192)
	at java.net.InetAddress.getAllByName(InetAddress.java:1126)
	at org.apache.http.impl.conn.SystemDefaultDnsResolver.resolve(SystemDefaultDnsResolver.java:45)
	at org.apache.http.impl.conn.DefaultClientConnectionOperator.resolveHostname(DefaultClientConnectionOperator.java:278)
	at org.apache.http.impl.conn.DefaultClientConnectionOperator.openConnection(DefaultClientConnectionOperator.java:162)
	at org.apache.http.impl.conn.ManagedClientConnectionImpl.open(ManagedClientConnectionImpl.java:294)
	at org.apache.http.impl.client.DefaultRequestDirector.tryConnect(DefaultRequestDirector.java:643)
	at org.apache.http.impl.client.DefaultRequestDirector.execute(DefaultRequestDirector.java:479)
	at org.apache.http.impl.client.AbstractHttpClient.execute(AbstractHttpClient.java:906)
	at org.apache.http.impl.client.AbstractHttpClient.execute(AbstractHttpClient.java:805)
	at org.apache.jena.riot.web.HttpOp.exec(HttpOp.java:1186)
	... 30 more
14:52:53,649 - WARN org.apache.jena.ontology.OntDocumentManager - An error occurred while attempting to read from http://www.owl-ontologies.com/Xiangshan_individual.owl. Msg was 'java.net.UnknownHostException: ww1.owl-ontologies.com'.
org.apache.jena.atlas.web.HttpException: java.net.UnknownHostException: ww1.owl-ontologies.com
	at org.apache.jena.riot.web.HttpOp.exec(HttpOp.java:1202)
	at org.apache.jena.riot.web.HttpOp.execHttpGet(HttpOp.java:378)
	at org.apache.jena.riot.web.HttpOp.execHttpGet(HttpOp.java:413)
	at org.apache.jena.riot.system.stream.LocatorHTTP.performOpen(LocatorHTTP.java:42)
	at org.apache.jena.riot.system.stream.LocatorURL.open(LocatorURL.java:44)
	at org.apache.jena.riot.system.stream.StreamManager.openNoMapOrNull(StreamManager.java:139)
	at org.apache.jena.riot.system.stream.StreamManager.open(StreamManager.java:100)
	at org.apache.jena.riot.RDFDataMgr.open(RDFDataMgr.java:830)
	at org.apache.jena.riot.RDFDataMgr.open(RDFDataMgr.java:820)
	at org.apache.jena.riot.RDFDataMgr.parse(RDFDataMgr.java:664)
	at org.apache.jena.riot.RDFDataMgr.read(RDFDataMgr.java:212)
	at org.apache.jena.riot.RDFDataMgr.read(RDFDataMgr.java:145)
	at org.apache.jena.riot.RDFDataMgr.read(RDFDataMgr.java:134)
	at org.apache.jena.riot.adapters.AdapterFileManager.readModelWorker(AdapterFileManager.java:282)
	at org.apache.jena.util.FileManager.readModel(FileManager.java:341)
	at org.apache.jena.util.FileManager.readModel(FileManager.java:325)
	at org.apache.jena.ontology.OntDocumentManager.read(OntDocumentManager.java:1062)
	at org.apache.jena.ontology.OntDocumentManager$1.readModel(OntDocumentManager.java:1032)
	at org.apache.jena.rdf.model.impl.ModelMakerImpl.getModel(ModelMakerImpl.java:104)
	at org.apache.jena.ontology.OntDocumentManager.fetchLoadedImportModel(OntDocumentManager.java:1029)
	at org.apache.jena.ontology.OntDocumentManager.fetchPossiblyCachedImportModel(OntDocumentManager.java:1001)
	at org.apache.jena.ontology.OntDocumentManager.loadImport(OntDocumentManager.java:974)
	at org.apache.jena.ontology.OntDocumentManager.loadImports(OntDocumentManager.java:768)
	at org.apache.jena.ontology.OntDocumentManager.loadImports(OntDocumentManager.java:706)
	at org.apache.jena.ontology.impl.OntModelImpl.loadImports(OntModelImpl.java:1964)
	at org.apache.jena.ontology.impl.OntModelImpl.read(OntModelImpl.java:2234)
	at org.apache.jena.rdf.model.impl.ModelCom.read(ModelCom.java:265)
	at org.apache.jena.ontology.impl.OntModelImpl.readDelegate(OntModelImpl.java:3092)
	at org.apache.jena.ontology.impl.OntModelImpl.read(OntModelImpl.java:2190)
	at org.apache.jena.ontology.impl.OntModelImpl.read(OntModelImpl.java:2106)
	at team.weiyu.culture.tdb.CreateTDB.main(CreateTDB.java:37)
Caused by: java.net.UnknownHostException: ww1.owl-ontologies.com
	at java.net.InetAddress.getAllByName0(InetAddress.java:1280)
	at java.net.InetAddress.getAllByName(InetAddress.java:1192)
	at java.net.InetAddress.getAllByName(InetAddress.java:1126)
	at org.apache.http.impl.conn.SystemDefaultDnsResolver.resolve(SystemDefaultDnsResolver.java:45)
	at org.apache.http.impl.conn.DefaultClientConnectionOperator.resolveHostname(DefaultClientConnectionOperator.java:278)
	at org.apache.http.impl.conn.DefaultClientConnectionOperator.openConnection(DefaultClientConnectionOperator.java:162)
	at org.apache.http.impl.conn.ManagedClientConnectionImpl.open(ManagedClientConnectionImpl.java:294)
	at org.apache.http.impl.client.DefaultRequestDirector.tryConnect(DefaultRequestDirector.java:643)
	at org.apache.http.impl.client.DefaultRequestDirector.execute(DefaultRequestDirector.java:479)
	at org.apache.http.impl.client.AbstractHttpClient.execute(AbstractHttpClient.java:906)
	at org.apache.http.impl.client.AbstractHttpClient.execute(AbstractHttpClient.java:805)
	at org.apache.jena.riot.web.HttpOp.exec(HttpOp.java:1186)
	... 30 more
15:20:42,720 - WARN org.apache.jena.ontology.OntDocumentManager - An error occurred while attempting to read from http://www.owl-ontologies.com/Location.owl. Msg was 'java.net.UnknownHostException: 这是在主机名解析时通常出现的暂时错误，它意味着本地服务器没有从权威服务器上收到响应。'.
org.apache.jena.atlas.web.HttpException: java.net.UnknownHostException: 这是在主机名解析时通常出现的暂时错误，它意味着本地服务器没有从权威服务器上收到响应。
	at org.apache.jena.riot.web.HttpOp.exec(HttpOp.java:1202)
	at org.apache.jena.riot.web.HttpOp.execHttpGet(HttpOp.java:378)
	at org.apache.jena.riot.web.HttpOp.execHttpGet(HttpOp.java:413)
	at org.apache.jena.riot.system.stream.LocatorHTTP.performOpen(LocatorHTTP.java:42)
	at org.apache.jena.riot.system.stream.LocatorURL.open(LocatorURL.java:44)
	at org.apache.jena.riot.system.stream.StreamManager.openNoMapOrNull(StreamManager.java:139)
	at org.apache.jena.riot.system.stream.StreamManager.open(StreamManager.java:100)
	at org.apache.jena.riot.RDFDataMgr.open(RDFDataMgr.java:830)
	at org.apache.jena.riot.RDFDataMgr.open(RDFDataMgr.java:820)
	at org.apache.jena.riot.RDFDataMgr.parse(RDFDataMgr.java:664)
	at org.apache.jena.riot.RDFDataMgr.read(RDFDataMgr.java:212)
	at org.apache.jena.riot.RDFDataMgr.read(RDFDataMgr.java:145)
	at org.apache.jena.riot.RDFDataMgr.read(RDFDataMgr.java:134)
	at org.apache.jena.riot.adapters.AdapterFileManager.readModelWorker(AdapterFileManager.java:282)
	at org.apache.jena.util.FileManager.readModel(FileManager.java:341)
	at org.apache.jena.util.FileManager.readModel(FileManager.java:325)
	at org.apache.jena.ontology.OntDocumentManager.read(OntDocumentManager.java:1062)
	at org.apache.jena.ontology.OntDocumentManager$1.readModel(OntDocumentManager.java:1032)
	at org.apache.jena.rdf.model.impl.ModelMakerImpl.getModel(ModelMakerImpl.java:104)
	at org.apache.jena.ontology.OntDocumentManager.fetchLoadedImportModel(OntDocumentManager.java:1029)
	at org.apache.jena.ontology.OntDocumentManager.fetchPossiblyCachedImportModel(OntDocumentManager.java:1001)
	at org.apache.jena.ontology.OntDocumentManager.loadImport(OntDocumentManager.java:974)
	at org.apache.jena.ontology.OntDocumentManager.loadImports(OntDocumentManager.java:768)
	at org.apache.jena.ontology.OntDocumentManager.loadImports(OntDocumentManager.java:706)
	at org.apache.jena.ontology.impl.OntModelImpl.loadImports(OntModelImpl.java:1964)
	at org.apache.jena.ontology.impl.OntModelImpl.read(OntModelImpl.java:2234)
	at org.apache.jena.rdf.model.impl.ModelCom.read(ModelCom.java:265)
	at org.apache.jena.ontology.impl.OntModelImpl.readDelegate(OntModelImpl.java:3092)
	at org.apache.jena.ontology.impl.OntModelImpl.read(OntModelImpl.java:2190)
	at org.apache.jena.ontology.impl.OntModelImpl.read(OntModelImpl.java:2106)
	at team.weiyu.culture.tdb.CreateTDB.main(CreateTDB.java:37)
Caused by: java.net.UnknownHostException: 这是在主机名解析时通常出现的暂时错误，它意味着本地服务器没有从权威服务器上收到响应。
	at java.net.Inet6AddressImpl.lookupAllHostAddr(Native Method)
	at java.net.InetAddress$2.lookupAllHostAddr(InetAddress.java:928)
	at java.net.InetAddress.getAddressesFromNameService(InetAddress.java:1323)
	at java.net.InetAddress.getAllByName0(InetAddress.java:1276)
	at java.net.InetAddress.getAllByName(InetAddress.java:1192)
	at java.net.InetAddress.getAllByName(InetAddress.java:1126)
	at org.apache.http.impl.conn.SystemDefaultDnsResolver.resolve(SystemDefaultDnsResolver.java:45)
	at org.apache.http.impl.conn.DefaultClientConnectionOperator.resolveHostname(DefaultClientConnectionOperator.java:278)
	at org.apache.http.impl.conn.DefaultClientConnectionOperator.openConnection(DefaultClientConnectionOperator.java:162)
	at org.apache.http.impl.conn.ManagedClientConnectionImpl.open(ManagedClientConnectionImpl.java:294)
	at org.apache.http.impl.client.DefaultRequestDirector.tryConnect(DefaultRequestDirector.java:643)
	at org.apache.http.impl.client.DefaultRequestDirector.execute(DefaultRequestDirector.java:479)
	at org.apache.http.impl.client.AbstractHttpClient.execute(AbstractHttpClient.java:906)
	at org.apache.http.impl.client.AbstractHttpClient.execute(AbstractHttpClient.java:805)
	at org.apache.jena.riot.web.HttpOp.exec(HttpOp.java:1186)
	... 30 more
15:20:43,823 - WARN org.apache.jena.ontology.OntDocumentManager - An error occurred while attempting to read from http://www.owl-ontologies.com/Time.owl. Msg was 'java.net.UnknownHostException: ww1.owl-ontologies.com'.
org.apache.jena.atlas.web.HttpException: java.net.UnknownHostException: ww1.owl-ontologies.com
	at org.apache.jena.riot.web.HttpOp.exec(HttpOp.java:1202)
	at org.apache.jena.riot.web.HttpOp.execHttpGet(HttpOp.java:378)
	at org.apache.jena.riot.web.HttpOp.execHttpGet(HttpOp.java:413)
	at org.apache.jena.riot.system.stream.LocatorHTTP.performOpen(LocatorHTTP.java:42)
	at org.apache.jena.riot.system.stream.LocatorURL.open(LocatorURL.java:44)
	at org.apache.jena.riot.system.stream.StreamManager.openNoMapOrNull(StreamManager.java:139)
	at org.apache.jena.riot.system.stream.StreamManager.open(StreamManager.java:100)
	at org.apache.jena.riot.RDFDataMgr.open(RDFDataMgr.java:830)
	at org.apache.jena.riot.RDFDataMgr.open(RDFDataMgr.java:820)
	at org.apache.jena.riot.RDFDataMgr.parse(RDFDataMgr.java:664)
	at org.apache.jena.riot.RDFDataMgr.read(RDFDataMgr.java:212)
	at org.apache.jena.riot.RDFDataMgr.read(RDFDataMgr.java:145)
	at org.apache.jena.riot.RDFDataMgr.read(RDFDataMgr.java:134)
	at org.apache.jena.riot.adapters.AdapterFileManager.readModelWorker(AdapterFileManager.java:282)
	at org.apache.jena.util.FileManager.readModel(FileManager.java:341)
	at org.apache.jena.util.FileManager.readModel(FileManager.java:325)
	at org.apache.jena.ontology.OntDocumentManager.read(OntDocumentManager.java:1062)
	at org.apache.jena.ontology.OntDocumentManager$1.readModel(OntDocumentManager.java:1032)
	at org.apache.jena.rdf.model.impl.ModelMakerImpl.getModel(ModelMakerImpl.java:104)
	at org.apache.jena.ontology.OntDocumentManager.fetchLoadedImportModel(OntDocumentManager.java:1029)
	at org.apache.jena.ontology.OntDocumentManager.fetchPossiblyCachedImportModel(OntDocumentManager.java:1001)
	at org.apache.jena.ontology.OntDocumentManager.loadImport(OntDocumentManager.java:974)
	at org.apache.jena.ontology.OntDocumentManager.loadImports(OntDocumentManager.java:768)
	at org.apache.jena.ontology.OntDocumentManager.loadImports(OntDocumentManager.java:706)
	at org.apache.jena.ontology.impl.OntModelImpl.loadImports(OntModelImpl.java:1964)
	at org.apache.jena.ontology.impl.OntModelImpl.read(OntModelImpl.java:2234)
	at org.apache.jena.rdf.model.impl.ModelCom.read(ModelCom.java:265)
	at org.apache.jena.ontology.impl.OntModelImpl.readDelegate(OntModelImpl.java:3092)
	at org.apache.jena.ontology.impl.OntModelImpl.read(OntModelImpl.java:2190)
	at org.apache.jena.ontology.impl.OntModelImpl.read(OntModelImpl.java:2106)
	at team.weiyu.culture.tdb.CreateTDB.main(CreateTDB.java:37)
Caused by: java.net.UnknownHostException: ww1.owl-ontologies.com
	at java.net.InetAddress.getAllByName0(InetAddress.java:1280)
	at java.net.InetAddress.getAllByName(InetAddress.java:1192)
	at java.net.InetAddress.getAllByName(InetAddress.java:1126)
	at org.apache.http.impl.conn.SystemDefaultDnsResolver.resolve(SystemDefaultDnsResolver.java:45)
	at org.apache.http.impl.conn.DefaultClientConnectionOperator.resolveHostname(DefaultClientConnectionOperator.java:278)
	at org.apache.http.impl.conn.DefaultClientConnectionOperator.openConnection(DefaultClientConnectionOperator.java:162)
	at org.apache.http.impl.conn.ManagedClientConnectionImpl.open(ManagedClientConnectionImpl.java:294)
	at org.apache.http.impl.client.DefaultRequestDirector.tryConnect(DefaultRequestDirector.java:643)
	at org.apache.http.impl.client.DefaultRequestDirector.execute(DefaultRequestDirector.java:479)
	at org.apache.http.impl.client.AbstractHttpClient.execute(AbstractHttpClient.java:906)
	at org.apache.http.impl.client.AbstractHttpClient.execute(AbstractHttpClient.java:805)
	at org.apache.jena.riot.web.HttpOp.exec(HttpOp.java:1186)
	... 30 more
15:20:45,030 - WARN org.apache.jena.ontology.OntDocumentManager - An error occurred while attempting to read from http://www.owl-ontologies.com/Cultural_relics.owl. Msg was 'java.net.UnknownHostException: ww1.owl-ontologies.com'.
org.apache.jena.atlas.web.HttpException: java.net.UnknownHostException: ww1.owl-ontologies.com
	at org.apache.jena.riot.web.HttpOp.exec(HttpOp.java:1202)
	at org.apache.jena.riot.web.HttpOp.execHttpGet(HttpOp.java:378)
	at org.apache.jena.riot.web.HttpOp.execHttpGet(HttpOp.java:413)
	at org.apache.jena.riot.system.stream.LocatorHTTP.performOpen(LocatorHTTP.java:42)
	at org.apache.jena.riot.system.stream.LocatorURL.open(LocatorURL.java:44)
	at org.apache.jena.riot.system.stream.StreamManager.openNoMapOrNull(StreamManager.java:139)
	at org.apache.jena.riot.system.stream.StreamManager.open(StreamManager.java:100)
	at org.apache.jena.riot.RDFDataMgr.open(RDFDataMgr.java:830)
	at org.apache.jena.riot.RDFDataMgr.open(RDFDataMgr.java:820)
	at org.apache.jena.riot.RDFDataMgr.parse(RDFDataMgr.java:664)
	at org.apache.jena.riot.RDFDataMgr.read(RDFDataMgr.java:212)
	at org.apache.jena.riot.RDFDataMgr.read(RDFDataMgr.java:145)
	at org.apache.jena.riot.RDFDataMgr.read(RDFDataMgr.java:134)
	at org.apache.jena.riot.adapters.AdapterFileManager.readModelWorker(AdapterFileManager.java:282)
	at org.apache.jena.util.FileManager.readModel(FileManager.java:341)
	at org.apache.jena.util.FileManager.readModel(FileManager.java:325)
	at org.apache.jena.ontology.OntDocumentManager.read(OntDocumentManager.java:1062)
	at org.apache.jena.ontology.OntDocumentManager$1.readModel(OntDocumentManager.java:1032)
	at org.apache.jena.rdf.model.impl.ModelMakerImpl.getModel(ModelMakerImpl.java:104)
	at org.apache.jena.ontology.OntDocumentManager.fetchLoadedImportModel(OntDocumentManager.java:1029)
	at org.apache.jena.ontology.OntDocumentManager.fetchPossiblyCachedImportModel(OntDocumentManager.java:1001)
	at org.apache.jena.ontology.OntDocumentManager.loadImport(OntDocumentManager.java:974)
	at org.apache.jena.ontology.OntDocumentManager.loadImports(OntDocumentManager.java:768)
	at org.apache.jena.ontology.OntDocumentManager.loadImports(OntDocumentManager.java:706)
	at org.apache.jena.ontology.impl.OntModelImpl.loadImports(OntModelImpl.java:1964)
	at org.apache.jena.ontology.impl.OntModelImpl.read(OntModelImpl.java:2234)
	at org.apache.jena.rdf.model.impl.ModelCom.read(ModelCom.java:265)
	at org.apache.jena.ontology.impl.OntModelImpl.readDelegate(OntModelImpl.java:3092)
	at org.apache.jena.ontology.impl.OntModelImpl.read(OntModelImpl.java:2190)
	at org.apache.jena.ontology.impl.OntModelImpl.read(OntModelImpl.java:2106)
	at team.weiyu.culture.tdb.CreateTDB.main(CreateTDB.java:37)
Caused by: java.net.UnknownHostException: ww1.owl-ontologies.com
	at java.net.InetAddress.getAllByName0(InetAddress.java:1280)
	at java.net.InetAddress.getAllByName(InetAddress.java:1192)
	at java.net.InetAddress.getAllByName(InetAddress.java:1126)
	at org.apache.http.impl.conn.SystemDefaultDnsResolver.resolve(SystemDefaultDnsResolver.java:45)
	at org.apache.http.impl.conn.DefaultClientConnectionOperator.resolveHostname(DefaultClientConnectionOperator.java:278)
	at org.apache.http.impl.conn.DefaultClientConnectionOperator.openConnection(DefaultClientConnectionOperator.java:162)
	at org.apache.http.impl.conn.ManagedClientConnectionImpl.open(ManagedClientConnectionImpl.java:294)
	at org.apache.http.impl.client.DefaultRequestDirector.tryConnect(DefaultRequestDirector.java:643)
	at org.apache.http.impl.client.DefaultRequestDirector.execute(DefaultRequestDirector.java:479)
	at org.apache.http.impl.client.AbstractHttpClient.execute(AbstractHttpClient.java:906)
	at org.apache.http.impl.client.AbstractHttpClient.execute(AbstractHttpClient.java:805)
	at org.apache.jena.riot.web.HttpOp.exec(HttpOp.java:1186)
	... 30 more
15:20:50,252 - WARN org.apache.jena.ontology.OntDocumentManager - An error occurred while attempting to read from http://www.owl-ontologies.com/Organization.owl. Msg was 'java.net.UnknownHostException: ww1.owl-ontologies.com'.
org.apache.jena.atlas.web.HttpException: java.net.UnknownHostException: ww1.owl-ontologies.com
	at org.apache.jena.riot.web.HttpOp.exec(HttpOp.java:1202)
	at org.apache.jena.riot.web.HttpOp.execHttpGet(HttpOp.java:378)
	at org.apache.jena.riot.web.HttpOp.execHttpGet(HttpOp.java:413)
	at org.apache.jena.riot.system.stream.LocatorHTTP.performOpen(LocatorHTTP.java:42)
	at org.apache.jena.riot.system.stream.LocatorURL.open(LocatorURL.java:44)
	at org.apache.jena.riot.system.stream.StreamManager.openNoMapOrNull(StreamManager.java:139)
	at org.apache.jena.riot.system.stream.StreamManager.open(StreamManager.java:100)
	at org.apache.jena.riot.RDFDataMgr.open(RDFDataMgr.java:830)
	at org.apache.jena.riot.RDFDataMgr.open(RDFDataMgr.java:820)
	at org.apache.jena.riot.RDFDataMgr.parse(RDFDataMgr.java:664)
	at org.apache.jena.riot.RDFDataMgr.read(RDFDataMgr.java:212)
	at org.apache.jena.riot.RDFDataMgr.read(RDFDataMgr.java:145)
	at org.apache.jena.riot.RDFDataMgr.read(RDFDataMgr.java:134)
	at org.apache.jena.riot.adapters.AdapterFileManager.readModelWorker(AdapterFileManager.java:282)
	at org.apache.jena.util.FileManager.readModel(FileManager.java:341)
	at org.apache.jena.util.FileManager.readModel(FileManager.java:325)
	at org.apache.jena.ontology.OntDocumentManager.read(OntDocumentManager.java:1062)
	at org.apache.jena.ontology.OntDocumentManager$1.readModel(OntDocumentManager.java:1032)
	at org.apache.jena.rdf.model.impl.ModelMakerImpl.getModel(ModelMakerImpl.java:104)
	at org.apache.jena.ontology.OntDocumentManager.fetchLoadedImportModel(OntDocumentManager.java:1029)
	at org.apache.jena.ontology.OntDocumentManager.fetchPossiblyCachedImportModel(OntDocumentManager.java:1001)
	at org.apache.jena.ontology.OntDocumentManager.loadImport(OntDocumentManager.java:974)
	at org.apache.jena.ontology.OntDocumentManager.loadImports(OntDocumentManager.java:768)
	at org.apache.jena.ontology.OntDocumentManager.loadImports(OntDocumentManager.java:706)
	at org.apache.jena.ontology.impl.OntModelImpl.loadImports(OntModelImpl.java:1964)
	at org.apache.jena.ontology.impl.OntModelImpl.read(OntModelImpl.java:2234)
	at org.apache.jena.rdf.model.impl.ModelCom.read(ModelCom.java:265)
	at org.apache.jena.ontology.impl.OntModelImpl.readDelegate(OntModelImpl.java:3092)
	at org.apache.jena.ontology.impl.OntModelImpl.read(OntModelImpl.java:2190)
	at org.apache.jena.ontology.impl.OntModelImpl.read(OntModelImpl.java:2106)
	at team.weiyu.culture.tdb.CreateTDB.main(CreateTDB.java:37)
Caused by: java.net.UnknownHostException: ww1.owl-ontologies.com
	at java.net.InetAddress.getAllByName0(InetAddress.java:1280)
	at java.net.InetAddress.getAllByName(InetAddress.java:1192)
	at java.net.InetAddress.getAllByName(InetAddress.java:1126)
	at org.apache.http.impl.conn.SystemDefaultDnsResolver.resolve(SystemDefaultDnsResolver.java:45)
	at org.apache.http.impl.conn.DefaultClientConnectionOperator.resolveHostname(DefaultClientConnectionOperator.java:278)
	at org.apache.http.impl.conn.DefaultClientConnectionOperator.openConnection(DefaultClientConnectionOperator.java:162)
	at org.apache.http.impl.conn.ManagedClientConnectionImpl.open(ManagedClientConnectionImpl.java:294)
	at org.apache.http.impl.client.DefaultRequestDirector.tryConnect(DefaultRequestDirector.java:643)
	at org.apache.http.impl.client.DefaultRequestDirector.execute(DefaultRequestDirector.java:479)
	at org.apache.http.impl.client.AbstractHttpClient.execute(AbstractHttpClient.java:906)
	at org.apache.http.impl.client.AbstractHttpClient.execute(AbstractHttpClient.java:805)
	at org.apache.jena.riot.web.HttpOp.exec(HttpOp.java:1186)
	... 30 more
15:20:57,521 - WARN org.apache.jena.ontology.OntDocumentManager - An error occurred while attempting to read from http://www.owl-ontologies.com/Xiangshan_individual.owl. Msg was 'java.net.UnknownHostException: 这是在主机名解析时通常出现的暂时错误，它意味着本地服务器没有从权威服务器上收到响应。'.
org.apache.jena.atlas.web.HttpException: java.net.UnknownHostException: 这是在主机名解析时通常出现的暂时错误，它意味着本地服务器没有从权威服务器上收到响应。
	at org.apache.jena.riot.web.HttpOp.exec(HttpOp.java:1202)
	at org.apache.jena.riot.web.HttpOp.execHttpGet(HttpOp.java:378)
	at org.apache.jena.riot.web.HttpOp.execHttpGet(HttpOp.java:413)
	at org.apache.jena.riot.system.stream.LocatorHTTP.performOpen(LocatorHTTP.java:42)
	at org.apache.jena.riot.system.stream.LocatorURL.open(LocatorURL.java:44)
	at org.apache.jena.riot.system.stream.StreamManager.openNoMapOrNull(StreamManager.java:139)
	at org.apache.jena.riot.system.stream.StreamManager.open(StreamManager.java:100)
	at org.apache.jena.riot.RDFDataMgr.open(RDFDataMgr.java:830)
	at org.apache.jena.riot.RDFDataMgr.open(RDFDataMgr.java:820)
	at org.apache.jena.riot.RDFDataMgr.parse(RDFDataMgr.java:664)
	at org.apache.jena.riot.RDFDataMgr.read(RDFDataMgr.java:212)
	at org.apache.jena.riot.RDFDataMgr.read(RDFDataMgr.java:145)
	at org.apache.jena.riot.RDFDataMgr.read(RDFDataMgr.java:134)
	at org.apache.jena.riot.adapters.AdapterFileManager.readModelWorker(AdapterFileManager.java:282)
	at org.apache.jena.util.FileManager.readModel(FileManager.java:341)
	at org.apache.jena.util.FileManager.readModel(FileManager.java:325)
	at org.apache.jena.ontology.OntDocumentManager.read(OntDocumentManager.java:1062)
	at org.apache.jena.ontology.OntDocumentManager$1.readModel(OntDocumentManager.java:1032)
	at org.apache.jena.rdf.model.impl.ModelMakerImpl.getModel(ModelMakerImpl.java:104)
	at org.apache.jena.ontology.OntDocumentManager.fetchLoadedImportModel(OntDocumentManager.java:1029)
	at org.apache.jena.ontology.OntDocumentManager.fetchPossiblyCachedImportModel(OntDocumentManager.java:1001)
	at org.apache.jena.ontology.OntDocumentManager.loadImport(OntDocumentManager.java:974)
	at org.apache.jena.ontology.OntDocumentManager.loadImports(OntDocumentManager.java:768)
	at org.apache.jena.ontology.OntDocumentManager.loadImports(OntDocumentManager.java:706)
	at org.apache.jena.ontology.impl.OntModelImpl.loadImports(OntModelImpl.java:1964)
	at org.apache.jena.ontology.impl.OntModelImpl.read(OntModelImpl.java:2234)
	at org.apache.jena.rdf.model.impl.ModelCom.read(ModelCom.java:265)
	at org.apache.jena.ontology.impl.OntModelImpl.readDelegate(OntModelImpl.java:3092)
	at org.apache.jena.ontology.impl.OntModelImpl.read(OntModelImpl.java:2190)
	at org.apache.jena.ontology.impl.OntModelImpl.read(OntModelImpl.java:2106)
	at team.weiyu.culture.tdb.CreateTDB.main(CreateTDB.java:37)
Caused by: java.net.UnknownHostException: 这是在主机名解析时通常出现的暂时错误，它意味着本地服务器没有从权威服务器上收到响应。
	at java.net.Inet6AddressImpl.lookupAllHostAddr(Native Method)
	at java.net.InetAddress$2.lookupAllHostAddr(InetAddress.java:928)
	at java.net.InetAddress.getAddressesFromNameService(InetAddress.java:1323)
	at java.net.InetAddress.getAllByName0(InetAddress.java:1276)
	at java.net.InetAddress.getAllByName(InetAddress.java:1192)
	at java.net.InetAddress.getAllByName(InetAddress.java:1126)
	at org.apache.http.impl.conn.SystemDefaultDnsResolver.resolve(SystemDefaultDnsResolver.java:45)
	at org.apache.http.impl.conn.DefaultClientConnectionOperator.resolveHostname(DefaultClientConnectionOperator.java:278)
	at org.apache.http.impl.conn.DefaultClientConnectionOperator.openConnection(DefaultClientConnectionOperator.java:162)
	at org.apache.http.impl.conn.ManagedClientConnectionImpl.open(ManagedClientConnectionImpl.java:294)
	at org.apache.http.impl.client.DefaultRequestDirector.tryConnect(DefaultRequestDirector.java:643)
	at org.apache.http.impl.client.DefaultRequestDirector.execute(DefaultRequestDirector.java:479)
	at org.apache.http.impl.client.AbstractHttpClient.execute(AbstractHttpClient.java:906)
	at org.apache.http.impl.client.AbstractHttpClient.execute(AbstractHttpClient.java:805)
	at org.apache.jena.riot.web.HttpOp.exec(HttpOp.java:1186)
	... 30 more
